[2025-04-21T19:50:11.760594] Starting transfer thread
[2025-04-21T19:50:11.913162] CMD (copy): C:\DEV\CastleTracker\rclone.exe copy :sftp:/C:/RUSHES C:/ZZ_TEST_FLX --stats 1s --log-level INFO
[2025-04-21T19:50:12.056483] Transfer done
[2025-04-21T19:51:35.499904] CMD (scan): C:\DEV\CastleTracker\rclone.exe lsjson :sftp:/C:/RUSHES --sftp-host 82.64.138.216 --sftp-user transfert --sftp-port 3968 --sftp-pass 9KktDVMZgLhE10MTBQYrMDu26j1YUUA6zA
[2025-04-21T19:51:41.269851] Starting transfer thread
[2025-04-21T19:51:41.397124] CMD (lsjson): C:\DEV\CastleTracker\rclone.exe lsjson :sftp:/C:/RUSHES --sftp-host 82.64.138.216 --sftp-user transfert --sftp-port 3968 --sftp-pass -rLymkvx3lXs3Hbgkj0ppL5qB4C5LHPuFA
[2025-04-21T19:51:42.870995] CMD (copy): C:\DEV\CastleTracker\rclone.exe copy :sftp:/C:/RUSHES --sftp-host 82.64.138.216 --sftp-user transfert --sftp-port 3968 --sftp-pass cmlrs35mT-Y03kTjrcZcrCnCKRdgsEueYw C:/ZZ_TEST_FLX --stats 1s --log-level INFO
[2025-04-21T19:51:43.530323] LINE: 2025/04/21 19:51:43 NOTICE: Can't save config "shell_type" for on the fly backend ":sftp"
[2025-04-21T19:51:44.063059] LINE: 2025/04/21 19:51:44 NOTICE: Can't save config "md5sum_command" for on the fly backend ":sftp"
[2025-04-21T19:51:44.072437] LINE: 2025/04/21 19:51:44 NOTICE: Can't save config "sha1sum_command" for on the fly backend ":sftp"
[2025-04-21T19:51:44.198241] LINE: 2025/04/21 19:51:44 INFO  : Writing sparse files: use --local-no-sparse or --multi-thread-streams 0 to disable
[2025-04-21T19:51:44.573546] LINE: 2025/04/21 19:51:44 INFO  :
[2025-04-21T19:51:44.574127] LINE: Transferred:   	    1.750 MiB / 8.403 GiB, 0%, 0 B/s, ETA -
[2025-04-21T19:51:44.574521] LINE: Checks:                 1 / 1, 100%
[2025-04-21T19:51:44.574796] LINE: Transferred:            0 / 10, 0%
[2025-04-21T19:51:44.575237] LINE: Elapsed time:         0.4s
[2025-04-21T19:51:44.575639] LINE: Transferring:
[2025-04-21T19:51:44.576018] LINE: * Cyberpunk Edgerunners.…0p.WEB.x264-FTMVHD.mkv:  0% /792.634Mi, 0/s, -
[2025-04-21T19:51:44.576232] LINE: * Cyberpunk Edgerunners.…0p.WEB.x264-FTMVHD.mkv:  0% /795.821Mi, 0/s, -
[2025-04-21T19:51:44.576421] LINE: * Cyberpunk Edgerunners.…0p.WEB.x264-FTMVHD.mkv:  0% /827.480Mi, 0/s, -
[2025-04-21T19:51:44.576839] LINE: * Cyberpunk Edgerunners.…0p.WEB.x264-FTMVHD.mkv:  0% /810.327Mi, 0/s, -
[2025-04-21T19:51:44.577111] LINE: 
[2025-04-21T19:51:45.573370] LINE: 2025/04/21 19:51:45 INFO  :
[2025-04-21T19:51:45.573953] LINE: Transferred:   	   21.375 MiB / 8.403 GiB, 0%, 14 MiB/s, ETA 10m13s
[2025-04-21T19:51:45.574601] LINE: Checks:                 1 / 1, 100%
[2025-04-21T19:51:45.575066] LINE: Transferred:            0 / 10, 0%
[2025-04-21T19:51:45.575369] LINE: Elapsed time:         1.4s
[2025-04-21T19:51:45.575637] LINE: Transferring:
[2025-04-21T19:51:45.575888] LINE: * Cyberpunk Edgerunners.…0p.WEB.x264-FTMVHD.mkv:  0% /792.634Mi, 0/s, -
[2025-04-21T19:51:45.576045] LINE: * Cyberpunk Edgerunners.…0p.WEB.x264-FTMVHD.mkv:  0% /795.821Mi, 0/s, -
[2025-04-21T19:51:45.576223] LINE: * Cyberpunk Edgerunners.…0p.WEB.x264-FTMVHD.mkv:  2% /827.480Mi, 14Mi/s, 57s
[2025-04-21T19:51:45.576351] LINE: * Cyberpunk Edgerunners.…0p.WEB.x264-FTMVHD.mkv:  0% /810.327Mi, 0/s, -
[2025-04-21T19:51:45.576748] LINE: 
[2025-04-21T19:51:46.573320] LINE: 2025/04/21 19:51:46 INFO  :
[2025-04-21T19:51:46.573874] LINE: Transferred:   	   47.125 MiB / 8.403 GiB, 1%, 18.875 MiB/s, ETA 7m33s
[2025-04-21T19:51:46.574173] LINE: Checks:                 1 / 1, 100%
[2025-04-21T19:51:46.574347] LINE: Transferred:            0 / 10, 0%
[2025-04-21T19:51:46.575067] LINE: Elapsed time:         2.4s
[2025-04-21T19:51:46.575457] LINE: Transferring:
[2025-04-21T19:51:46.575723] LINE: * Cyberpunk Edgerunners.…0p.WEB.x264-FTMVHD.mkv:  0% /792.634Mi, 0/s, -
[2025-04-21T19:51:46.576026] LINE: * Cyberpunk Edgerunners.…0p.WEB.x264-FTMVHD.mkv:  0% /795.821Mi, 0/s, -
[2025-04-21T19:51:46.576311] LINE: * Cyberpunk Edgerunners.…0p.WEB.x264-FTMVHD.mkv:  5% /827.480Mi, 18.750Mi/s, 41s
[2025-04-21T19:51:46.576624] LINE: * Cyberpunk Edgerunners.…0p.WEB.x264-FTMVHD.mkv:  0% /810.327Mi, 128Ki/s, 1h47m54s
[2025-04-21T19:51:46.577018] LINE: 
[2025-04-21T19:51:47.573057] LINE: 2025/04/21 19:51:47 INFO  :
[2025-04-21T19:51:47.573510] LINE: Transferred:   	   63.125 MiB / 8.403 GiB, 1%, 20.042 MiB/s, ETA 7m6s
[2025-04-21T19:51:47.574133] LINE: Checks:                 1 / 1, 100%
[2025-04-21T19:51:47.574399] LINE: Transferred:            0 / 10, 0%
[2025-04-21T19:51:47.574645] LINE: Elapsed time:         3.4s
[2025-04-21T19:51:47.575092] LINE: Transferring:
[2025-04-21T19:51:47.575591] LINE: * Cyberpunk Edgerunners.…0p.WEB.x264-FTMVHD.mkv:  0% /792.634Mi, 0/s, -
[2025-04-21T19:51:47.575939] LINE: * Cyberpunk Edgerunners.…0p.WEB.x264-FTMVHD.mkv:  0% /795.821Mi, 0/s, -
[2025-04-21T19:51:47.576300] LINE: * Cyberpunk Edgerunners.…0p.WEB.x264-FTMVHD.mkv:  7% /827.480Mi, 18.708Mi/s, 41s
[2025-04-21T19:51:47.576628] LINE: * Cyberpunk Edgerunners.…0p.WEB.x264-FTMVHD.mkv:  0% /810.327Mi, 1.333Mi/s, 10m4s
[2025-04-21T19:51:47.576945] LINE: 
[2025-04-21T19:51:48.573067] LINE: 2025/04/21 19:51:48 INFO  :
[2025-04-21T19:51:48.573475] LINE: Transferred:   	   83.250 MiB / 8.403 GiB, 1%, 18.844 MiB/s, ETA 7m32s
[2025-04-21T19:51:48.573924] LINE: Checks:                 1 / 1, 100%
[2025-04-21T19:51:48.574323] LINE: Transferred:            0 / 10, 0%
[2025-04-21T19:51:48.574635] LINE: Elapsed time:         4.4s
[2025-04-21T19:51:48.574914] LINE: Transferring:
[2025-04-21T19:51:48.575381] LINE: * Cyberpunk Edgerunners.…0p.WEB.x264-FTMVHD.mkv:  0% /792.634Mi, 0/s, -
[2025-04-21T19:51:48.575731] LINE: * Cyberpunk Edgerunners.…0p.WEB.x264-FTMVHD.mkv:  0% /795.821Mi, 32Ki/s, 7h4m22s
[2025-04-21T19:51:48.575956] LINE: * Cyberpunk Edgerunners.…0p.WEB.x264-FTMVHD.mkv:  8% /827.480Mi, 16.594Mi/s, 45s
[2025-04-21T19:51:48.576287] LINE: * Cyberpunk Edgerunners.…0p.WEB.x264-FTMVHD.mkv:  1% /810.327Mi, 2.219Mi/s, 5m59s
[2025-04-21T19:51:48.576629] LINE: 
[2025-04-21T19:51:49.573107] LINE: 2025/04/21 19:51:49 INFO  :
[2025-04-21T19:51:49.573678] LINE: Transferred:   	      107 MiB / 8.403 GiB, 1%, 19.400 MiB/s, ETA 7m18s
[2025-04-21T19:51:49.574084] LINE: Checks:                 1 / 1, 100%
[2025-04-21T19:51:49.574285] LINE: Transferred:            0 / 10, 0%
[2025-04-21T19:51:49.574809] LINE: Elapsed time:         5.4s
[2025-04-21T19:51:49.575184] LINE: Transferring:
[2025-04-21T19:51:49.575644] LINE: * Cyberpunk Edgerunners.…0p.WEB.x264-FTMVHD.mkv:  0% /792.634Mi, 0/s, -
[2025-04-21T19:51:49.576414] LINE: * Cyberpunk Edgerunners.…0p.WEB.x264-FTMVHD.mkv:  0% /795.821Mi, 153.600Ki/s, 1h28m14s
[2025-04-21T19:51:49.576843] LINE: * Cyberpunk Edgerunners.…0p.WEB.x264-FTMVHD.mkv: 10% /827.480Mi, 15.975Mi/s, 46s
[2025-04-21T19:51:49.577505] LINE: * Cyberpunk Edgerunners.…0p.WEB.x264-FTMVHD.mkv:  2% /810.327Mi, 3.300Mi/s, 3m59s
[2025-04-21T19:51:49.578639] LINE: 
[2025-04-21T19:51:50.573434] LINE: 2025/04/21 19:51:50 INFO  :
[2025-04-21T19:51:50.574027] LINE: Transferred:   	  133.625 MiB / 8.403 GiB, 2%, 20.562 MiB/s, ETA 6m51s
[2025-04-21T19:51:50.574440] LINE: Checks:                 1 / 1, 100%
[2025-04-21T19:51:50.574758] LINE: Transferred:            0 / 10, 0%
[2025-04-21T19:51:50.575179] LINE: Elapsed time:         6.4s
[2025-04-21T19:51:50.575623] LINE: Transferring:
[2025-04-21T19:51:50.575884] LINE: * Cyberpunk Edgerunners.…0p.WEB.x264-FTMVHD.mkv:  0% /792.634Mi, 149.333Ki/s, 1h30m24s
[2025-04-21T19:51:50.576075] LINE: * Cyberpunk Edgerunners.…0p.WEB.x264-FTMVHD.mkv:  0% /795.821Mi, 554.666Ki/s, 24m19s
[2025-04-21T19:51:50.576410] LINE: * Cyberpunk Edgerunners.…0p.WEB.x264-FTMVHD.mkv: 11% /827.480Mi, 15.354Mi/s, 47s
[2025-04-21T19:51:50.576694] LINE: * Cyberpunk Edgerunners.…0p.WEB.x264-FTMVHD.mkv:  3% /810.327Mi, 4.521Mi/s, 2m52s
[2025-04-21T19:51:50.576970] LINE: 
[2025-04-21T19:51:51.574197] LINE: 2025/04/21 19:51:51 INFO  :
[2025-04-21T19:51:51.574796] LINE: Transferred:   	  159.125 MiB / 8.403 GiB, 2%, 21.929 MiB/s, ETA 6m25s
[2025-04-21T19:51:51.575377] LINE: Checks:                 1 / 1, 100%
[2025-04-21T19:51:51.575897] LINE: Transferred:            0 / 10, 0%
[2025-04-21T19:51:51.576377] LINE: Elapsed time:         7.4s
[2025-04-21T19:51:51.576775] LINE: Transferring:
[2025-04-21T19:51:51.577115] LINE: * Cyberpunk Edgerunners.…0p.WEB.x264-FTMVHD.mkv:  0% /792.634Mi, 530.285Ki/s, 25m22s
[2025-04-21T19:51:51.577518] LINE: * Cyberpunk Edgerunners.…0p.WEB.x264-FTMVHD.mkv:  1% /795.821Mi, 1.179Mi/s, 11m7s
[2025-04-21T19:51:51.577839] LINE: * Cyberpunk Edgerunners.…0p.WEB.x264-FTMVHD.mkv: 12% /827.480Mi, 15.071Mi/s, 47s
[2025-04-21T19:51:51.578066] LINE: * Cyberpunk Edgerunners.…0p.WEB.x264-FTMVHD.mkv:  4% /810.327Mi, 5.161Mi/s, 2m29s
[2025-04-21T19:51:51.578351] LINE: 
[2025-04-21T19:51:52.573288] LINE: 2025/04/21 19:51:52 INFO  :
[2025-04-21T19:51:52.573670] LINE: Transferred:   	  191.375 MiB / 8.403 GiB, 2%, 22.375 MiB/s, ETA 6m16s
[2025-04-21T19:51:52.574383] LINE: Checks:                 1 / 1, 100%
[2025-04-21T19:51:52.574776] LINE: Transferred:            0 / 10, 0%
[2025-04-21T19:51:52.575087] LINE: Elapsed time:         8.4s
[2025-04-21T19:51:52.575457] LINE: Transferring:
[2025-04-21T19:51:52.575847] LINE: * Cyberpunk Edgerunners.…0p.WEB.x264-FTMVHD.mkv:  1% /792.634Mi, 896Ki/s, 14m55s
[2025-04-21T19:51:52.576114] LINE: * Cyberpunk Edgerunners.…0p.WEB.x264-FTMVHD.mkv:  1% /795.821Mi, 1.656Mi/s, 7m51s
[2025-04-21T19:51:52.576504] LINE: * Cyberpunk Edgerunners.…0p.WEB.x264-FTMVHD.mkv: 14% /827.480Mi, 14.391Mi/s, 49s
[2025-04-21T19:51:52.576834] LINE: * Cyberpunk Edgerunners.…0p.WEB.x264-FTMVHD.mkv:  5% /810.327Mi, 5.453Mi/s, 2m20s
[2025-04-21T19:51:52.577205] LINE: 
[2025-04-21T19:51:53.573057] LINE: 2025/04/21 19:51:53 INFO  :
[2025-04-21T19:51:53.573767] LINE: Transferred:   	  216.750 MiB / 8.403 GiB, 3%, 22.944 MiB/s, ETA 6m5s
[2025-04-21T19:51:53.574288] LINE: Checks:                 1 / 1, 100%
[2025-04-21T19:51:53.574694] LINE: Transferred:            0 / 10, 0%
[2025-04-21T19:51:53.575087] LINE: Elapsed time:         9.4s
[2025-04-21T19:51:53.575716] LINE: Transferring:
[2025-04-21T19:51:53.576205] LINE: * Cyberpunk Edgerunners.…0p.WEB.x264-FTMVHD.mkv:  1% /792.634Mi, 1.292Mi/s, 10m3s
[2025-04-21T19:51:53.576579] LINE: * Cyberpunk Edgerunners.…0p.WEB.x264-FTMVHD.mkv:  2% /795.821Mi, 2.069Mi/s, 6m14s
[2025-04-21T19:51:53.577069] LINE: * Cyberpunk Edgerunners.…0p.WEB.x264-FTMVHD.mkv: 15% /827.480Mi, 13.986Mi/s, 49s
[2025-04-21T19:51:53.577514] LINE: * Cyberpunk Edgerunners.…0p.WEB.x264-FTMVHD.mkv:  6% /810.327Mi, 5.597Mi/s, 2m15s
[2025-04-21T19:51:53.577918] LINE: 
[2025-04-21T19:51:54.572955] LINE: 2025/04/21 19:51:54 INFO  :
[2025-04-21T19:51:54.573577] LINE: Transferred:   	  244.625 MiB / 8.403 GiB, 3%, 23.375 MiB/s, ETA 5m57s
[2025-04-21T19:51:54.574088] LINE: Checks:                 1 / 1, 100%
[2025-04-21T19:51:54.574397] LINE: Transferred:            0 / 10, 0%
[2025-04-21T19:51:54.574645] LINE: Elapsed time:        10.4s
[2025-04-21T19:51:54.574818] LINE: Transferring:
[2025-04-21T19:51:54.575143] LINE: * Cyberpunk Edgerunners.…0p.WEB.x264-FTMVHD.mkv:  2% /792.634Mi, 1.662Mi/s, 7m45s
[2025-04-21T19:51:54.575508] LINE: * Cyberpunk Edgerunners.…0p.WEB.x264-FTMVHD.mkv:  3% /795.821Mi, 2.350Mi/s, 5m27s
[2025-04-21T19:51:54.575853] LINE: * Cyberpunk Edgerunners.…0p.WEB.x264-FTMVHD.mkv: 16% /827.480Mi, 13.562Mi/s, 50s
[2025-04-21T19:51:54.576349] LINE: * Cyberpunk Edgerunners.…0p.WEB.x264-FTMVHD.mkv:  7% /810.327Mi, 5.800Mi/s, 2m9s
[2025-04-21T19:51:54.576833] LINE: 
[2025-04-21T19:51:55.573287] LINE: 2025/04/21 19:51:55 INFO  :
[2025-04-21T19:51:55.573767] LINE: Transferred:   	  272.625 MiB / 8.403 GiB, 3%, 23.818 MiB/s, ETA 5m49s
[2025-04-21T19:51:55.574073] LINE: Checks:                 1 / 1, 100%
[2025-04-21T19:51:55.574439] LINE: Transferred:            0 / 10, 0%
[2025-04-21T19:51:55.574688] LINE: Elapsed time:        11.4s
[2025-04-21T19:51:55.574901] LINE: Transferring:
[2025-04-21T19:51:55.575245] LINE: * Cyberpunk Edgerunners.…0p.WEB.x264-FTMVHD.mkv:  3% /792.634Mi, 2.170Mi/s, 5m52s
[2025-04-21T19:51:55.575531] LINE: * Cyberpunk Edgerunners.…0p.WEB.x264-FTMVHD.mkv:  3% /795.821Mi, 2.523Mi/s, 5m3s
[2025-04-21T19:51:55.575794] LINE: * Cyberpunk Edgerunners.…0p.WEB.x264-FTMVHD.mkv: 17% /827.480Mi, 13.239Mi/s, 51s
[2025-04-21T19:51:55.576070] LINE: * Cyberpunk Edgerunners.…0p.WEB.x264-FTMVHD.mkv:  8% /810.327Mi, 5.886Mi/s, 2m6s
[2025-04-21T19:51:55.576425] LINE: 
[2025-04-21T19:51:56.572959] LINE: 2025/04/21 19:51:56 INFO  :
[2025-04-21T19:51:56.573551] LINE: Transferred:   	  299.875 MiB / 8.403 GiB, 3%, 24.198 MiB/s, ETA 5m43s
[2025-04-21T19:51:56.573993] LINE: Checks:                 1 / 1, 100%
[2025-04-21T19:51:56.574457] LINE: Transferred:            0 / 10, 0%
[2025-04-21T19:51:56.574848] LINE: Elapsed time:        12.4s
[2025-04-21T19:51:56.575289] LINE: Transferring:
[2025-04-21T19:51:56.575734] LINE: * Cyberpunk Edgerunners.…0p.WEB.x264-FTMVHD.mkv:  4% /792.634Mi, 2.708Mi/s, 4m39s
[2025-04-21T19:51:56.576010] LINE: * Cyberpunk Edgerunners.…0p.WEB.x264-FTMVHD.mkv:  4% /795.821Mi, 2.698Mi/s, 4m42s
[2025-04-21T19:51:56.576317] LINE: * Cyberpunk Edgerunners.…0p.WEB.x264-FTMVHD.mkv: 19% /827.480Mi, 12.927Mi/s, 51s
[2025-04-21T19:51:56.576779] LINE: * Cyberpunk Edgerunners.…0p.WEB.x264-FTMVHD.mkv:  8% /810.327Mi, 5.865Mi/s, 2m5s
[2025-04-21T19:51:56.577156] LINE: 
[2025-04-21T19:51:57.573162] LINE: 2025/04/21 19:51:57 INFO  :
[2025-04-21T19:51:57.573855] LINE: Transferred:   	  326.625 MiB / 8.403 GiB, 4%, 24.404 MiB/s, ETA 5m39s
[2025-04-21T19:51:57.574346] LINE: Checks:                 1 / 1, 100%
[2025-04-21T19:51:57.575144] LINE: Transferred:            0 / 10, 0%
[2025-04-21T19:51:57.575672] LINE: Elapsed time:        13.4s
[2025-04-21T19:51:57.576706] LINE: Transferring:
[2025-04-21T19:51:57.577243] LINE: * Cyberpunk Edgerunners.…0p.WEB.x264-FTMVHD.mkv:  5% /792.634Mi, 3.029Mi/s, 4m7s
[2025-04-21T19:51:57.577875] LINE: * Cyberpunk Edgerunners.…0p.WEB.x264-FTMVHD.mkv:  4% /795.821Mi, 2.837Mi/s, 4m26s
[2025-04-21T19:51:57.578785] LINE: * Cyberpunk Edgerunners.…0p.WEB.x264-FTMVHD.mkv: 20% /827.480Mi, 12.673Mi/s, 52s
[2025-04-21T19:51:57.579694] LINE: * Cyberpunk Edgerunners.…0p.WEB.x264-FTMVHD.mkv:  9% /810.327Mi, 5.865Mi/s, 2m4s
[2025-04-21T19:51:57.580078] LINE: 
[2025-04-21T19:51:58.574156] LINE: 2025/04/21 19:51:58 INFO  :
[2025-04-21T19:51:58.574807] LINE: Transferred:   	  354.750 MiB / 8.403 GiB, 4%, 24.500 MiB/s, ETA 5m36s
[2025-04-21T19:51:58.575295] LINE: Checks:                 1 / 1, 100%
[2025-04-21T19:51:58.575873] LINE: Transferred:            0 / 10, 0%
[2025-04-21T19:51:58.576366] LINE: Elapsed time:        14.4s
[2025-04-21T19:51:58.576834] LINE: Transferring:
[2025-04-21T19:51:58.577360] LINE: * Cyberpunk Edgerunners.…0p.WEB.x264-FTMVHD.mkv:  6% /792.634Mi, 3.259Mi/s, 3m48s
[2025-04-21T19:51:58.577703] LINE: * Cyberpunk Edgerunners.…0p.WEB.x264-FTMVHD.mkv:  5% /795.821Mi, 2.946Mi/s, 4m15s
[2025-04-21T19:51:58.578217] LINE: * Cyberpunk Edgerunners.…0p.WEB.x264-FTMVHD.mkv: 21% /827.480Mi, 12.464Mi/s, 52s
[2025-04-21T19:51:58.578916] LINE: * Cyberpunk Edgerunners.…0p.WEB.x264-FTMVHD.mkv: 10% /810.327Mi, 5.839Mi/s, 2m4s
[2025-04-21T19:51:58.579362] LINE: 
[2025-04-21T19:51:59.574099] LINE: 2025/04/21 19:51:59 INFO  :
[2025-04-21T19:51:59.574815] LINE: Transferred:   	  377.750 MiB / 8.403 GiB, 4%, 24.667 MiB/s, ETA 5m33s
[2025-04-21T19:51:59.575504] LINE: Checks:                 1 / 1, 100%
[2025-04-21T19:51:59.575841] LINE: Transferred:            0 / 10, 0%
[2025-04-21T19:51:59.576530] LINE: Elapsed time:        15.4s
[2025-04-21T19:51:59.577123] LINE: Transferring:
[2025-04-21T19:51:59.577617] LINE: * Cyberpunk Edgerunners.…0p.WEB.x264-FTMVHD.mkv:  6% /792.634Mi, 3.492Mi/s, 3m31s
[2025-04-21T19:51:59.577951] LINE: * Cyberpunk Edgerunners.…0p.WEB.x264-FTMVHD.mkv:  5% /795.821Mi, 3.058Mi/s, 4m4s
[2025-04-21T19:51:59.578503] LINE: * Cyberpunk Edgerunners.…0p.WEB.x264-FTMVHD.mkv: 22% /827.480Mi, 12.242Mi/s, 52s
[2025-04-21T19:51:59.578886] LINE: * Cyberpunk Edgerunners.…0p.WEB.x264-FTMVHD.mkv: 11% /810.327Mi, 5.875Mi/s, 2m2s
[2025-04-21T19:51:59.579176] LINE: 
[2025-04-21T19:52:00.573080] LINE: 2025/04/21 19:52:00 INFO  :
[2025-04-21T19:52:00.573702] LINE: Transferred:   	  402.750 MiB / 8.403 GiB, 5%, 24.531 MiB/s, ETA 5m34s
[2025-04-21T19:52:00.574139] LINE: Checks:                 1 / 1, 100%
[2025-04-21T19:52:00.574506] LINE: Transferred:            0 / 10, 0%
[2025-04-21T19:52:00.574967] LINE: Elapsed time:        16.4s
[2025-04-21T19:52:00.575336] LINE: Transferring:
[2025-04-21T19:52:00.575851] LINE: * Cyberpunk Edgerunners.…0p.WEB.x264-FTMVHD.mkv:  7% /792.634Mi, 3.656Mi/s, 3m20s
[2025-04-21T19:52:00.576542] LINE: * Cyberpunk Edgerunners.…0p.WEB.x264-FTMVHD.mkv:  6% /795.821Mi, 3.125Mi/s, 3m58s
[2025-04-21T19:52:00.576994] LINE: * Cyberpunk Edgerunners.…0p.WEB.x264-FTMVHD.mkv: 23% /827.480Mi, 11.875Mi/s, 53s
[2025-04-21T19:52:00.577453] LINE: * Cyberpunk Edgerunners.…0p.WEB.x264-FTMVHD.mkv: 11% /810.327Mi, 5.875Mi/s, 2m1s
[2025-04-21T19:52:00.577974] LINE: 
[2025-04-21T19:52:01.573200] LINE: 2025/04/21 19:52:01 INFO  :
[2025-04-21T19:52:01.573996] LINE: Transferred:   	      426 MiB / 8.403 GiB, 5%, 24.545 MiB/s, ETA 5m33s
[2025-04-21T19:52:01.574301] LINE: Checks:                 1 / 1, 100%
[2025-04-21T19:52:01.574503] LINE: Transferred:            0 / 10, 0%
[2025-04-21T19:52:01.575500] LINE: Elapsed time:        17.4s
[2025-04-21T19:52:01.576127] LINE: Transferring:
[2025-04-21T19:52:01.576664] LINE: * Cyberpunk Edgerunners.…0p.WEB.x264-FTMVHD.mkv:  8% /792.634Mi, 3.850Mi/s, 3m8s
[2025-04-21T19:52:01.576865] LINE: * Cyberpunk Edgerunners.…0p.WEB.x264-FTMVHD.mkv:  6% /795.821Mi, 3.180Mi/s, 3m52s
[2025-04-21T19:52:01.577433] LINE: * Cyberpunk Edgerunners.…0p.WEB.x264-FTMVHD.mkv: 24% /827.480Mi, 11.672Mi/s, 53s
[2025-04-21T19:52:01.577832] LINE: * Cyberpunk Edgerunners.…0p.WEB.x264-FTMVHD.mkv: 12% /810.327Mi, 5.844Mi/s, 2m1s
[2025-04-21T19:52:01.578067] LINE: 
[2025-04-21T19:52:02.573009] LINE: 2025/04/21 19:52:02 INFO  :
[2025-04-21T19:52:02.573578] LINE: Transferred:   	  449.875 MiB / 8.403 GiB, 5%, 24.456 MiB/s, ETA 5m33s
[2025-04-21T19:52:02.573913] LINE: Checks:                 1 / 1, 100%
[2025-04-21T19:52:02.574122] LINE: Transferred:            0 / 10, 0%
[2025-04-21T19:52:02.575013] LINE: Elapsed time:        18.4s
[2025-04-21T19:52:02.575482] LINE: Transferring:
[2025-04-21T19:52:02.575987] LINE: * Cyberpunk Edgerunners.…0p.WEB.x264-FTMVHD.mkv:  9% /792.634Mi, 4.054Mi/s, 2m56s
[2025-04-21T19:52:02.576489] LINE: * Cyberpunk Edgerunners.…0p.WEB.x264-FTMVHD.mkv:  7% /795.821Mi, 3.239Mi/s, 3m47s
[2025-04-21T19:52:02.576756] LINE: * Cyberpunk Edgerunners.…0p.WEB.x264-FTMVHD.mkv: 25% /827.480Mi, 11.356Mi/s, 54s
[2025-04-21T19:52:02.577166] LINE: * Cyberpunk Edgerunners.…0p.WEB.x264-FTMVHD.mkv: 13% /810.327Mi, 5.814Mi/s, 2m0s
[2025-04-21T19:52:02.577735] LINE: 
[2025-04-21T19:52:03.573006] LINE: 2025/04/21 19:52:03 INFO  :
[2025-04-21T19:52:03.573671] LINE: Transferred:   	  476.625 MiB / 8.403 GiB, 6%, 24.592 MiB/s, ETA 5m30s
[2025-04-21T19:52:03.574013] LINE: Checks:                 1 / 1, 100%
[2025-04-21T19:52:03.574300] LINE: Transferred:            0 / 10, 0%
[2025-04-21T19:52:03.574581] LINE: Elapsed time:        19.4s
[2025-04-21T19:52:03.574774] LINE: Transferring:
[2025-04-21T19:52:03.575255] LINE: * Cyberpunk Edgerunners.…0p.WEB.x264-FTMVHD.mkv: 10% /792.634Mi, 4.332Mi/s, 2m43s
[2025-04-21T19:52:03.575834] LINE: * Cyberpunk Edgerunners.…0p.WEB.x264-FTMVHD.mkv:  8% /795.821Mi, 3.341Mi/s, 3m38s
[2025-04-21T19:52:03.576290] LINE: * Cyberpunk Edgerunners.…0p.WEB.x264-FTMVHD.mkv: 25% /827.480Mi, 11.092Mi/s, 55s
[2025-04-21T19:52:03.576783] LINE: * Cyberpunk Edgerunners.…0p.WEB.x264-FTMVHD.mkv: 13% /810.327Mi, 5.826Mi/s, 1m59s
[2025-04-21T19:52:03.577404] LINE: 
[2025-04-21T19:52:04.573232] LINE: 2025/04/21 19:52:04 INFO  :
[2025-04-21T19:52:04.573753] LINE: Transferred:   	  500.500 MiB / 8.403 GiB, 6%, 24.672 MiB/s, ETA 5m28s
[2025-04-21T19:52:04.574193] LINE: Checks:                 1 / 1, 100%
[2025-04-21T19:52:04.574443] LINE: Transferred:            0 / 10, 0%
[2025-04-21T19:52:04.574727] LINE: Elapsed time:        20.4s
[2025-04-21T19:52:04.575006] LINE: Transferring:
[2025-04-21T19:52:04.575311] LINE: * Cyberpunk Edgerunners.…0p.WEB.x264-FTMVHD.mkv: 11% /792.634Mi, 4.616Mi/s, 2m31s
[2025-04-21T19:52:04.575689] LINE: * Cyberpunk Edgerunners.…0p.WEB.x264-FTMVHD.mkv:  8% /795.821Mi, 3.421Mi/s, 3m32s
[2025-04-21T19:52:04.576027] LINE: * Cyberpunk Edgerunners.…0p.WEB.x264-FTMVHD.mkv: 26% /827.480Mi, 10.797Mi/s, 56s
[2025-04-21T19:52:04.576456] LINE: * Cyberpunk Edgerunners.…0p.WEB.x264-FTMVHD.mkv: 14% /810.327Mi, 5.837Mi/s, 1m58s
[2025-04-21T19:52:04.576814] LINE: 
[2025-04-21T19:52:05.573564] LINE: 2025/04/21 19:52:05 INFO  :
[2025-04-21T19:52:05.574418] LINE: Transferred:   	  525.625 MiB / 8.403 GiB, 6%, 24.458 MiB/s, ETA 5m30s
[2025-04-21T19:52:05.574978] LINE: Checks:                 1 / 1, 100%
[2025-04-21T19:52:05.575643] LINE: Transferred:            0 / 10, 0%
[2025-04-21T19:52:05.576122] LINE: Elapsed time:        21.4s
[2025-04-21T19:52:05.576498] LINE: Transferring:
[2025-04-21T19:52:05.576932] LINE: * Cyberpunk Edgerunners.…0p.WEB.x264-FTMVHD.mkv: 12% /792.634Mi, 4.828Mi/s, 2m22s
[2025-04-21T19:52:05.577345] LINE: * Cyberpunk Edgerunners.…0p.WEB.x264-FTMVHD.mkv:  9% /795.821Mi, 3.442Mi/s, 3m29s
[2025-04-21T19:52:05.577783] LINE: * Cyberpunk Edgerunners.…0p.WEB.x264-FTMVHD.mkv: 27% /827.480Mi, 10.404Mi/s, 57s
[2025-04-21T19:52:05.578065] LINE: * Cyberpunk Edgerunners.…0p.WEB.x264-FTMVHD.mkv: 15% /810.327Mi, 5.785Mi/s, 1m58s
[2025-04-21T19:52:05.578556] LINE: 
[2025-04-21T19:52:06.573294] LINE: 2025/04/21 19:52:06 INFO  :
[2025-04-21T19:52:06.573849] LINE: Transferred:   	  551.125 MiB / 8.403 GiB, 6%, 24.633 MiB/s, ETA 5m26s
[2025-04-21T19:52:06.574322] LINE: Checks:                 1 / 1, 100%
[2025-04-21T19:52:06.574639] LINE: Transferred:            0 / 10, 0%
[2025-04-21T19:52:06.574981] LINE: Elapsed time:        22.4s
[2025-04-21T19:52:06.575283] LINE: Transferring:
[2025-04-21T19:52:06.575634] LINE: * Cyberpunk Edgerunners.…0p.WEB.x264-FTMVHD.mkv: 14% /792.634Mi, 5.221Mi/s, 2m10s
[2025-04-21T19:52:06.575794] LINE: * Cyberpunk Edgerunners.…0p.WEB.x264-FTMVHD.mkv:  9% /795.821Mi, 3.524Mi/s, 3m23s
[2025-04-21T19:52:06.576531] LINE: * Cyberpunk Edgerunners.…0p.WEB.x264-FTMVHD.mkv: 27% /827.480Mi, 10.113Mi/s, 58s
[2025-04-21T19:52:06.576930] LINE: * Cyberpunk Edgerunners.…0p.WEB.x264-FTMVHD.mkv: 15% /810.327Mi, 5.775Mi/s, 1m57s
[2025-04-21T19:52:06.577504] LINE: 
[2025-04-21T19:52:07.573083] LINE: 2025/04/21 19:52:07 INFO  :
[2025-04-21T19:52:07.573734] LINE: Transferred:   	  580.125 MiB / 8.403 GiB, 7%, 24.812 MiB/s, ETA 5m23s
[2025-04-21T19:52:07.574207] LINE: Checks:                 1 / 1, 100%
[2025-04-21T19:52:07.574636] LINE: Transferred:            0 / 10, 0%
[2025-04-21T19:52:07.575045] LINE: Elapsed time:        23.4s
[2025-04-21T19:52:07.575737] LINE: Transferring:
[2025-04-21T19:52:07.576557] LINE: * Cyberpunk Edgerunners.…0p.WEB.x264-FTMVHD.mkv: 15% /792.634Mi, 5.567Mi/s, 2m0s
[2025-04-21T19:52:07.577048] LINE: * Cyberpunk Edgerunners.…0p.WEB.x264-FTMVHD.mkv: 10% /795.821Mi, 3.624Mi/s, 3m16s
[2025-04-21T19:52:07.577697] LINE: * Cyberpunk Edgerunners.…0p.WEB.x264-FTMVHD.mkv: 28% /827.480Mi, 9.864Mi/s, 59s
[2025-04-21T19:52:07.578328] LINE: * Cyberpunk Edgerunners.…0p.WEB.x264-FTMVHD.mkv: 16% /810.327Mi, 5.765Mi/s, 1m57s
[2025-04-21T19:52:07.578861] LINE: 
[2025-04-21T19:52:08.573428] LINE: 2025/04/21 19:52:08 INFO  :
[2025-04-21T19:52:08.574020] LINE: Transferred:   	  602.500 MiB / 8.403 GiB, 7%, 24.863 MiB/s, ETA 5m21s
[2025-04-21T19:52:08.574574] LINE: Checks:                 1 / 1, 100%
[2025-04-21T19:52:08.574931] LINE: Transferred:            0 / 10, 0%
[2025-04-21T19:52:08.575420] LINE: Elapsed time:        24.4s
[2025-04-21T19:52:08.575763] LINE: Transferring:
[2025-04-21T19:52:08.576155] LINE: * Cyberpunk Edgerunners.…0p.WEB.x264-FTMVHD.mkv: 16% /792.634Mi, 5.820Mi/s, 1m53s
[2025-04-21T19:52:08.576569] LINE: * Cyberpunk Edgerunners.…0p.WEB.x264-FTMVHD.mkv: 11% /795.821Mi, 3.710Mi/s, 3m10s
[2025-04-21T19:52:08.576814] LINE: * Cyberpunk Edgerunners.…0p.WEB.x264-FTMVHD.mkv: 29% /827.480Mi, 9.599Mi/s, 1m0s
[2025-04-21T19:52:08.577180] LINE: * Cyberpunk Edgerunners.…0p.WEB.x264-FTMVHD.mkv: 17% /810.327Mi, 5.733Mi/s, 1m56s
[2025-04-21T19:52:08.577782] LINE: 
[2025-04-21T19:52:09.573282] LINE: 2025/04/21 19:52:09 INFO  :
[2025-04-21T19:52:09.573833] LINE: Transferred:   	  626.875 MiB / 8.403 GiB, 7%, 24.746 MiB/s, ETA 5m22s
[2025-04-21T19:52:09.574280] LINE: Checks:                 1 / 1, 100%
[2025-04-21T19:52:09.574618] LINE: Transferred:            0 / 10, 0%
[2025-04-21T19:52:09.574880] LINE: Elapsed time:        25.4s
[2025-04-21T19:52:09.575459] LINE: Transferring:
[2025-04-21T19:52:09.576186] LINE: * Cyberpunk Edgerunners.…0p.WEB.x264-FTMVHD.mkv: 17% /792.634Mi, 6.011Mi/s, 1m48s
[2025-04-21T19:52:09.576412] LINE: * Cyberpunk Edgerunners.…0p.WEB.x264-FTMVHD.mkv: 11% /795.821Mi, 3.759Mi/s, 3m7s
[2025-04-21T19:52:09.576802] LINE: * Cyberpunk Edgerunners.…0p.WEB.x264-FTMVHD.mkv: 29% /827.480Mi, 9.311Mi/s, 1m2s
[2025-04-21T19:52:09.577095] LINE: * Cyberpunk Edgerunners.…0p.WEB.x264-FTMVHD.mkv: 17% /810.327Mi, 5.672Mi/s, 1m57s
[2025-04-21T19:52:09.577423] LINE: 
[2025-04-21T19:52:10.573472] LINE: 2025/04/21 19:52:10 INFO  :
[2025-04-21T19:52:10.574463] LINE: Transferred:   	  652.250 MiB / 8.403 GiB, 8%, 24.793 MiB/s, ETA 5m20s
[2025-04-21T19:52:10.574765] LINE: Checks:                 1 / 1, 100%
[2025-04-21T19:52:10.575049] LINE: Transferred:            0 / 10, 0%
[2025-04-21T19:52:10.575288] LINE: Elapsed time:        26.4s
[2025-04-21T19:52:10.575974] LINE: Transferring:
[2025-04-21T19:52:10.576344] LINE: * Cyberpunk Edgerunners.…0p.WEB.x264-FTMVHD.mkv: 19% /792.634Mi, 6.253Mi/s, 1m42s
[2025-04-21T19:52:10.576588] LINE: * Cyberpunk Edgerunners.…0p.WEB.x264-FTMVHD.mkv: 12% /795.821Mi, 3.798Mi/s, 3m4s
[2025-04-21T19:52:10.576774] LINE: * Cyberpunk Edgerunners.…0p.WEB.x264-FTMVHD.mkv: 30% /827.480Mi, 9.096Mi/s, 1m3s
[2025-04-21T19:52:10.577070] LINE: * Cyberpunk Edgerunners.…0p.WEB.x264-FTMVHD.mkv: 18% /810.327Mi, 5.645Mi/s, 1m56s
[2025-04-21T19:52:10.577398] LINE: 
[2025-04-21T19:52:11.184061] CMD (scan): C:\DEV\CastleTracker\rclone.exe lsjson :sftp:/C:/RUSHES --sftp-host 82.64.138.216 --sftp-user transfert --sftp-port 3968 --sftp-pass i-3w1OHhyGQ3V_p3Tj-xOo-nVSH4jhm1ew
[2025-04-21T19:52:11.573324] LINE: 2025/04/21 19:52:11 INFO  :
[2025-04-21T19:52:11.573949] LINE: Transferred:   	      679 MiB / 8.403 GiB, 8%, 24.845 MiB/s, ETA 5m19s
[2025-04-21T19:52:11.574589] LINE: Checks:                 1 / 1, 100%
[2025-04-21T19:52:11.575160] LINE: Transferred:            0 / 10, 0%
[2025-04-21T19:52:11.575646] LINE: Elapsed time:        27.4s
[2025-04-21T19:52:11.575983] LINE: Transferring:
[2025-04-21T19:52:11.576123] LINE: * Cyberpunk Edgerunners.…0p.WEB.x264-FTMVHD.mkv: 20% /792.634Mi, 6.464Mi/s, 1m37s
[2025-04-21T19:52:11.576458] LINE: * Cyberpunk Edgerunners.…0p.WEB.x264-FTMVHD.mkv: 12% /795.821Mi, 3.857Mi/s, 2m59s
[2025-04-21T19:52:11.576797] LINE: * Cyberpunk Edgerunners.…0p.WEB.x264-FTMVHD.mkv: 31% /827.480Mi, 8.919Mi/s, 1m3s
[2025-04-21T19:52:11.577094] LINE: * Cyberpunk Edgerunners.…0p.WEB.x264-FTMVHD.mkv: 19% /810.327Mi, 5.605Mi/s, 1m56s
[2025-04-21T19:52:11.577267] LINE: 
[2025-04-21T19:52:12.573186] LINE: 2025/04/21 19:52:12 INFO  :
[2025-04-21T19:52:12.573845] LINE: Transferred:   	  701.500 MiB / 8.403 GiB, 8%, 24.972 MiB/s, ETA 5m16s
[2025-04-21T19:52:12.574528] LINE: Checks:                 1 / 1, 100%
[2025-04-21T19:52:12.574980] LINE: Transferred:            0 / 10, 0%
[2025-04-21T19:52:12.575393] LINE: Elapsed time:        28.4s
[2025-04-21T19:52:12.575826] LINE: Transferring:
[2025-04-21T19:52:12.576151] LINE: * Cyberpunk Edgerunners.…0p.WEB.x264-FTMVHD.mkv: 20% /792.634Mi, 6.489Mi/s, 1m36s
[2025-04-21T19:52:12.576668] LINE: * Cyberpunk Edgerunners.…0p.WEB.x264-FTMVHD.mkv: 13% /795.821Mi, 4.014Mi/s, 2m51s
[2025-04-21T19:52:12.577045] LINE: * Cyberpunk Edgerunners.…0p.WEB.x264-FTMVHD.mkv: 32% /827.480Mi, 8.799Mi/s, 1m3s
[2025-04-21T19:52:12.577476] LINE: * Cyberpunk Edgerunners.…0p.WEB.x264-FTMVHD.mkv: 19% /810.327Mi, 5.669Mi/s, 1m54s
[2025-04-21T19:52:12.577793] LINE: 
[2025-04-21T19:52:13.573089] LINE: 2025/04/21 19:52:13 INFO  :
[2025-04-21T19:52:13.573481] LINE: Transferred:   	  726.500 MiB / 8.403 GiB, 8%, 24.693 MiB/s, ETA 5m19s
[2025-04-21T19:52:13.574004] LINE: Checks:                 1 / 1, 100%
[2025-04-21T19:52:13.574349] LINE: Transferred:            0 / 10, 0%
[2025-04-21T19:52:13.574556] LINE: Elapsed time:        29.4s
[2025-04-21T19:52:13.574804] LINE: Transferring:
[2025-04-21T19:52:13.575012] LINE: * Cyberpunk Edgerunners.…0p.WEB.x264-FTMVHD.mkv: 21% /792.634Mi, 6.412Mi/s, 1m36s
[2025-04-21T19:52:13.575849] LINE: * Cyberpunk Edgerunners.…0p.WEB.x264-FTMVHD.mkv: 14% /795.821Mi, 4.076Mi/s, 2m47s
[2025-04-21T19:52:13.576330] LINE: * Cyberpunk Edgerunners.…0p.WEB.x264-FTMVHD.mkv: 32% /827.480Mi, 8.569Mi/s, 1m4s
[2025-04-21T19:52:13.576550] LINE: * Cyberpunk Edgerunners.…0p.WEB.x264-FTMVHD.mkv: 20% /810.327Mi, 5.643Mi/s, 1m53s
[2025-04-21T19:52:13.576767] LINE: 
[2025-04-21T19:52:14.573487] LINE: 2025/04/21 19:52:14 INFO  :
[2025-04-21T19:52:14.574015] LINE: Transferred:   	  753.125 MiB / 8.403 GiB, 9%, 24.821 MiB/s, ETA 5m16s
[2025-04-21T19:52:14.574397] LINE: Checks:                 1 / 1, 100%
[2025-04-21T19:52:14.574825] LINE: Transferred:            0 / 10, 0%
[2025-04-21T19:52:14.575120] LINE: Elapsed time:        30.4s
[2025-04-21T19:52:14.575816] LINE: Transferring:
[2025-04-21T19:52:14.576187] LINE: * Cyberpunk Edgerunners.…0p.WEB.x264-FTMVHD.mkv: 22% /792.634Mi, 6.441Mi/s, 1m35s
[2025-04-21T19:52:14.576512] LINE: * Cyberpunk Edgerunners.…0p.WEB.x264-FTMVHD.mkv: 15% /795.821Mi, 4.228Mi/s, 2m39s
[2025-04-21T19:52:14.576921] LINE: * Cyberpunk Edgerunners.…0p.WEB.x264-FTMVHD.mkv: 33% /827.480Mi, 8.510Mi/s, 1m4s
[2025-04-21T19:52:14.577201] LINE: * Cyberpunk Edgerunners.…0p.WEB.x264-FTMVHD.mkv: 21% /810.327Mi, 5.657Mi/s, 1m52s
[2025-04-21T19:52:14.577530] LINE: 
[2025-04-21T19:52:15.573167] LINE: 2025/04/21 19:52:15 INFO  :
[2025-04-21T19:52:15.574213] LINE: Transferred:   	  780.875 MiB / 8.403 GiB, 9%, 25.036 MiB/s, ETA 5m12s
[2025-04-21T19:52:15.574736] LINE: Checks:                 1 / 1, 100%
[2025-04-21T19:52:15.575243] LINE: Transferred:            0 / 10, 0%
[2025-04-21T19:52:15.575613] LINE: Elapsed time:        31.4s
[2025-04-21T19:52:15.575867] LINE: Transferring:
[2025-04-21T19:52:15.576400] LINE: * Cyberpunk Edgerunners.…0p.WEB.x264-FTMVHD.mkv: 23% /792.634Mi, 6.437Mi/s, 1m34s
[2025-04-21T19:52:15.576805] LINE: * Cyberpunk Edgerunners.…0p.WEB.x264-FTMVHD.mkv: 15% /795.821Mi, 4.377Mi/s, 2m32s
[2025-04-21T19:52:15.577158] LINE: * Cyberpunk Edgerunners.…0p.WEB.x264-FTMVHD.mkv: 35% /827.480Mi, 8.634Mi/s, 1m1s
[2025-04-21T19:52:15.577342] LINE: * Cyberpunk Edgerunners.…0p.WEB.x264-FTMVHD.mkv: 21% /810.327Mi, 5.585Mi/s, 1m53s
[2025-04-21T19:52:15.578006] LINE: 
[2025-04-21T19:52:16.573109] LINE: 2025/04/21 19:52:16 INFO  :
[2025-04-21T19:52:16.573552] LINE: Transferred:   	  805.500 MiB / 8.403 GiB, 9%, 25.229 MiB/s, ETA 5m9s
[2025-04-21T19:52:16.573884] LINE: Checks:                 1 / 1, 100%
[2025-04-21T19:52:16.574402] LINE: Transferred:            0 / 10, 0%
[2025-04-21T19:52:16.574660] LINE: Elapsed time:        32.4s
[2025-04-21T19:52:16.575301] LINE: Transferring:
[2025-04-21T19:52:16.575849] LINE: * Cyberpunk Edgerunners.…0p.WEB.x264-FTMVHD.mkv: 24% /792.634Mi, 6.448Mi/s, 1m33s
[2025-04-21T19:52:16.576265] LINE: * Cyberpunk Edgerunners.…0p.WEB.x264-FTMVHD.mkv: 16% /795.821Mi, 4.541Mi/s, 2m25s
[2025-04-21T19:52:16.576570] LINE: * Cyberpunk Edgerunners.…0p.WEB.x264-FTMVHD.mkv: 36% /827.480Mi, 8.837Mi/s, 59s
[2025-04-21T19:52:16.576926] LINE: * Cyberpunk Edgerunners.…0p.WEB.x264-FTMVHD.mkv: 22% /810.327Mi, 5.400Mi/s, 1m56s
[2025-04-21T19:52:16.577196] LINE: 
[2025-04-21T19:54:25.069135] Starting transfer thread
[2025-04-21T19:54:25.551075] CMD: C:\DEV\CastleTracker\rclone.exe copy :sftp:/C:/RUSHES C:/ZZ_TEST_FLX --stats 1s --log-level INFO --sftp-host 82.64.138.216 --sftp-user transfert --sftp-port 3968 --sftp-pass 2Xt8qeBCXrw2D4fWIUu3fi3ngtTgRgFjkQ
[2025-04-21T19:54:26.185035] LINE: 2025/04/21 19:54:26 NOTICE: Can't save config "shell_type" for on the fly backend ":sftp"
[2025-04-21T19:54:26.688876] LINE: 2025/04/21 19:54:26 NOTICE: Can't save config "md5sum_command" for on the fly backend ":sftp"
[2025-04-21T19:54:26.698319] LINE: 2025/04/21 19:54:26 NOTICE: Can't save config "sha1sum_command" for on the fly backend ":sftp"
[2025-04-21T19:54:26.818473] LINE: 2025/04/21 19:54:26 INFO  : Writing sparse files: use --local-no-sparse or --multi-thread-streams 0 to disable
[2025-04-21T19:54:27.224486] LINE: 2025/04/21 19:54:27 INFO  :
[2025-04-21T19:54:27.225266] LINE: Transferred:   	        3 MiB / 8.403 GiB, 0%, 0 B/s, ETA -
[2025-04-21T19:54:27.225724] LINE: Checks:                 1 / 1, 100%
[2025-04-21T19:54:27.226148] LINE: Transferred:            0 / 10, 0%
[2025-04-21T19:54:27.226501] LINE: Elapsed time:         0.5s
[2025-04-21T19:54:27.226746] LINE: Transferring:
[2025-04-21T19:54:27.227115] LINE:  * Cyberpunk Edgerunners.…0p.WEB.x264-FTMVHD.mkv:  0% /792.634Mi, 0/s, -
[2025-04-21T19:54:27.227603] LINE:  * Cyberpunk Edgerunners.…0p.WEB.x264-FTMVHD.mkv:  0% /795.821Mi, 0/s, -
[2025-04-21T19:54:27.227890] LINE:  * Cyberpunk Edgerunners.…0p.WEB.x264-FTMVHD.mkv:  0% /827.480Mi, 0/s, -
[2025-04-21T19:54:27.228121] LINE:  * Cyberpunk Edgerunners.…0p.WEB.x264-FTMVHD.mkv:  0% /810.327Mi, 0/s, -
[2025-04-21T19:54:27.228366] LINE: 
[2025-04-21T19:54:28.224504] LINE: 2025/04/21 19:54:28 INFO  :
[2025-04-21T19:54:28.225575] LINE: Transferred:   	   23.375 MiB / 8.403 GiB, 0%, 14.875 MiB/s, ETA 9m36s
[2025-04-21T19:54:28.226201] LINE: Checks:                 1 / 1, 100%
[2025-04-21T19:54:28.226608] LINE: Transferred:            0 / 10, 0%
[2025-04-21T19:54:28.227163] LINE: Elapsed time:         1.5s
[2025-04-21T19:54:28.227854] LINE: Transferring:
[2025-04-21T19:54:28.228165] LINE:  * Cyberpunk Edgerunners.…0p.WEB.x264-FTMVHD.mkv:  0% /792.634Mi, 0/s, -
[2025-04-21T19:54:28.228456] LINE:  * Cyberpunk Edgerunners.…0p.WEB.x264-FTMVHD.mkv:  2% /795.821Mi, 14.867Mi/s, 51s
[2025-04-21T19:54:28.228758] LINE:  * Cyberpunk Edgerunners.…0p.WEB.x264-FTMVHD.mkv:  0% /827.480Mi, 0/s, -
[2025-04-21T19:54:28.229349] LINE:  * Cyberpunk Edgerunners.…0p.WEB.x264-FTMVHD.mkv:  0% /810.327Mi, 0/s, -
[2025-04-21T19:54:28.229761] LINE: 
[2025-04-21T19:54:29.224444] LINE: 2025/04/21 19:54:29 INFO  :
[2025-04-21T19:54:29.225012] LINE: Transferred:   	   47.375 MiB / 8.403 GiB, 1%, 17.938 MiB/s, ETA 7m57s
[2025-04-21T19:54:29.225533] LINE: Checks:                 1 / 1, 100%
[2025-04-21T19:54:29.225749] LINE: Transferred:            0 / 10, 0%
[2025-04-21T19:54:29.225986] LINE: Elapsed time:         2.5s
[2025-04-21T19:54:29.226234] LINE: Transferring:
[2025-04-21T19:54:29.226544] LINE:  * Cyberpunk Edgerunners.…0p.WEB.x264-FTMVHD.mkv:  0% /792.634Mi, 1.562Mi/s, 8m22s
[2025-04-21T19:54:29.226880] LINE:  * Cyberpunk Edgerunners.…0p.WEB.x264-FTMVHD.mkv:  5% /795.821Mi, 16.371Mi/s, 46s
[2025-04-21T19:54:29.227183] LINE:  * Cyberpunk Edgerunners.…0p.WEB.x264-FTMVHD.mkv:  0% /827.480Mi, 0/s, -
[2025-04-21T19:54:29.227391] LINE:  * Cyberpunk Edgerunners.…0p.WEB.x264-FTMVHD.mkv:  0% /810.327Mi, 0/s, -
[2025-04-21T19:54:29.227602] LINE: 
[2025-04-21T19:54:30.224147] LINE: 2025/04/21 19:54:30 INFO  :
[2025-04-21T19:54:30.224804] LINE: Transferred:   	   69.250 MiB / 8.403 GiB, 1%, 21.208 MiB/s, ETA 6m42s
[2025-04-21T19:54:30.225287] LINE: Checks:                 1 / 1, 100%
[2025-04-21T19:54:30.225618] LINE: Transferred:            0 / 10, 0%
[2025-04-21T19:54:30.225891] LINE: Elapsed time:         3.5s
[2025-04-21T19:54:30.226400] LINE: Transferring:
[2025-04-21T19:54:30.226957] LINE:  * Cyberpunk Edgerunners.…0p.WEB.x264-FTMVHD.mkv:  1% /792.634Mi, 4.292Mi/s, 3m1s
[2025-04-21T19:54:30.227299] LINE:  * Cyberpunk Edgerunners.…0p.WEB.x264-FTMVHD.mkv:  6% /795.821Mi, 16.789Mi/s, 44s
[2025-04-21T19:54:30.227601] LINE:  * Cyberpunk Edgerunners.…0p.WEB.x264-FTMVHD.mkv:  0% /827.480Mi, 128Ki/s, 1h50m11s
[2025-04-21T19:54:30.227839] LINE:  * Cyberpunk Edgerunners.…0p.WEB.x264-FTMVHD.mkv:  0% /810.327Mi, 0/s, -
[2025-04-21T19:54:30.228057] LINE: 
[2025-04-21T19:54:31.224249] LINE: 2025/04/21 19:54:31 INFO  :
[2025-04-21T19:54:31.224980] LINE: Transferred:   	   94.875 MiB / 8.403 GiB, 1%, 20.969 MiB/s, ETA 6m45s
[2025-04-21T19:54:31.225578] LINE: Checks:                 1 / 1, 100%
[2025-04-21T19:54:31.225836] LINE: Transferred:            0 / 10, 0%
[2025-04-21T19:54:31.226130] LINE: Elapsed time:         4.5s
[2025-04-21T19:54:31.226383] LINE: Transferring:
[2025-04-21T19:54:31.226561] LINE:  * Cyberpunk Edgerunners.…0p.WEB.x264-FTMVHD.mkv:  2% /792.634Mi, 4.562Mi/s, 2m49s
[2025-04-21T19:54:31.227157] LINE:  * Cyberpunk Edgerunners.…0p.WEB.x264-FTMVHD.mkv:  8% /795.821Mi, 15.404Mi/s, 47s
[2025-04-21T19:54:31.227543] LINE:  * Cyberpunk Edgerunners.…0p.WEB.x264-FTMVHD.mkv:  0% /827.480Mi, 992Ki/s, 14m6s
[2025-04-21T19:54:31.227800] LINE:  * Cyberpunk Edgerunners.…0p.WEB.x264-FTMVHD.mkv:  0% /810.327Mi, 32Ki/s, 7h11m30s
[2025-04-21T19:54:31.228007] LINE: 
[2025-04-21T19:54:32.224566] LINE: 2025/04/21 19:54:32 INFO  :
[2025-04-21T19:54:32.225140] LINE: Transferred:   	  120.500 MiB / 8.403 GiB, 1%, 21.750 MiB/s, ETA 6m30s
[2025-04-21T19:54:32.225683] LINE: Checks:                 1 / 1, 100%
[2025-04-21T19:54:32.225976] LINE: Transferred:            0 / 10, 0%
[2025-04-21T19:54:32.226471] LINE: Elapsed time:         5.5s
[2025-04-21T19:54:32.226859] LINE: Transferring:
[2025-04-21T19:54:32.227247] LINE:  * Cyberpunk Edgerunners.…0p.WEB.x264-FTMVHD.mkv:  3% /792.634Mi, 4.600Mi/s, 2m46s
[2025-04-21T19:54:32.227641] LINE:  * Cyberpunk Edgerunners.…0p.WEB.x264-FTMVHD.mkv:  9% /795.821Mi, 13.873Mi/s, 52s
[2025-04-21T19:54:32.227855] LINE:  * Cyberpunk Edgerunners.…0p.WEB.x264-FTMVHD.mkv:  2% /827.480Mi, 2.550Mi/s, 5m17s
[2025-04-21T19:54:32.228027] LINE:  * Cyberpunk Edgerunners.…0p.WEB.x264-FTMVHD.mkv:  0% /810.327Mi, 742.399Ki/s, 18m30s
[2025-04-21T19:54:32.228324] LINE: 
[2025-04-21T19:54:33.224988] LINE: 2025/04/21 19:54:33 INFO  :
[2025-04-21T19:54:33.225581] LINE: Transferred:   	  148.625 MiB / 8.403 GiB, 2%, 22.854 MiB/s, ETA 6m10s
[2025-04-21T19:54:33.226016] LINE: Checks:                 1 / 1, 100%
[2025-04-21T19:54:33.226293] LINE: Transferred:            0 / 10, 0%
[2025-04-21T19:54:33.226538] LINE: Elapsed time:         6.5s
[2025-04-21T19:54:33.226704] LINE: Transferring:
[2025-04-21T19:54:33.227061] LINE:  * Cyberpunk Edgerunners.…0p.WEB.x264-FTMVHD.mkv:  3% /792.634Mi, 4.521Mi/s, 2m48s
[2025-04-21T19:54:33.227551] LINE:  * Cyberpunk Edgerunners.…0p.WEB.x264-FTMVHD.mkv: 10% /795.821Mi, 13.082Mi/s, 54s
[2025-04-21T19:54:33.227920] LINE:  * Cyberpunk Edgerunners.…0p.WEB.x264-FTMVHD.mkv:  3% /827.480Mi, 4.062Mi/s, 3m16s
[2025-04-21T19:54:33.228166] LINE:  * Cyberpunk Edgerunners.…0p.WEB.x264-FTMVHD.mkv:  1% /810.327Mi, 1.188Mi/s, 11m15s
[2025-04-21T19:54:33.228394] LINE: 
[2025-04-21T19:54:34.224557] LINE: 2025/04/21 19:54:34 INFO  :
[2025-04-21T19:54:34.225129] LINE: Transferred:   	  170.875 MiB / 8.403 GiB, 2%, 23.500 MiB/s, ETA 5m58s
[2025-04-21T19:54:34.225514] LINE: Checks:                 1 / 1, 100%
[2025-04-21T19:54:34.225938] LINE: Transferred:            0 / 10, 0%
[2025-04-21T19:54:34.226530] LINE: Elapsed time:         7.5s
[2025-04-21T19:54:34.226790] LINE: Transferring:
[2025-04-21T19:54:34.227236] LINE:  * Cyberpunk Edgerunners.…0p.WEB.x264-FTMVHD.mkv:  4% /792.634Mi, 4.464Mi/s, 2m50s
[2025-04-21T19:54:34.227521] LINE:  * Cyberpunk Edgerunners.…0p.WEB.x264-FTMVHD.mkv: 11% /795.821Mi, 12.481Mi/s, 56s
[2025-04-21T19:54:34.227802] LINE:  * Cyberpunk Edgerunners.…0p.WEB.x264-FTMVHD.mkv:  4% /827.480Mi, 5.054Mi/s, 2m36s
[2025-04-21T19:54:34.228167] LINE:  * Cyberpunk Edgerunners.…0p.WEB.x264-FTMVHD.mkv:  1% /810.327Mi, 1.518Mi/s, 8m46s
[2025-04-21T19:54:34.228453] LINE: 
[2025-04-21T19:54:35.224378] LINE: 2025/04/21 19:54:35 INFO  :
[2025-04-21T19:54:35.225012] LINE: Transferred:   	      195 MiB / 8.403 GiB, 2%, 23.094 MiB/s, ETA 6m4s
[2025-04-21T19:54:35.225574] LINE: Checks:                 1 / 1, 100%
[2025-04-21T19:54:35.225827] LINE: Transferred:            0 / 10, 0%
[2025-04-21T19:54:35.226057] LINE: Elapsed time:         8.5s
[2025-04-21T19:54:35.226656] LINE: Transferring:
[2025-04-21T19:54:35.227088] LINE:  * Cyberpunk Edgerunners.…0p.WEB.x264-FTMVHD.mkv:  4% /792.634Mi, 4.328Mi/s, 2m54s
[2025-04-21T19:54:35.227466] LINE:  * Cyberpunk Edgerunners.…0p.WEB.x264-FTMVHD.mkv: 12% /795.821Mi, 11.702Mi/s, 59s
[2025-04-21T19:54:35.227877] LINE:  * Cyberpunk Edgerunners.…0p.WEB.x264-FTMVHD.mkv:  5% /827.480Mi, 5.406Mi/s, 2m24s
[2025-04-21T19:54:35.228266] LINE:  * Cyberpunk Edgerunners.…0p.WEB.x264-FTMVHD.mkv:  1% /810.327Mi, 1.672Mi/s, 7m55s
[2025-04-21T19:54:35.228593] LINE: 
[2025-04-21T19:54:36.224105] LINE: 2025/04/21 19:54:36 INFO  :
[2025-04-21T19:54:36.224687] LINE: Transferred:   	  220.750 MiB / 8.403 GiB, 3%, 23.417 MiB/s, ETA 5m58s
[2025-04-21T19:54:36.225275] LINE: Checks:                 1 / 1, 100%
[2025-04-21T19:54:36.225503] LINE: Transferred:            0 / 10, 0%
[2025-04-21T19:54:36.225809] LINE: Elapsed time:         9.5s
[2025-04-21T19:54:36.226397] LINE: Transferring:
[2025-04-21T19:54:36.226951] LINE:  * Cyberpunk Edgerunners.…0p.WEB.x264-FTMVHD.mkv:  5% /792.634Mi, 4.333Mi/s, 2m53s
[2025-04-21T19:54:36.227463] LINE:  * Cyberpunk Edgerunners.…0p.WEB.x264-FTMVHD.mkv: 13% /795.821Mi, 11.235Mi/s, 1m1s
[2025-04-21T19:54:36.227786] LINE:  * Cyberpunk Edgerunners.…0p.WEB.x264-FTMVHD.mkv:  6% /827.480Mi, 5.944Mi/s, 2m9s
[2025-04-21T19:54:36.228085] LINE:  * Cyberpunk Edgerunners.…0p.WEB.x264-FTMVHD.mkv:  2% /810.327Mi, 1.903Mi/s, 6m56s
[2025-04-21T19:54:36.228495] LINE: 
[2025-04-21T19:54:37.224701] LINE: 2025/04/21 19:54:37 INFO  :
[2025-04-21T19:54:37.225554] LINE: Transferred:   	  245.125 MiB / 8.403 GiB, 3%, 23.525 MiB/s, ETA 5m55s
[2025-04-21T19:54:37.226133] LINE: Checks:                 1 / 1, 100%
[2025-04-21T19:54:37.226415] LINE: Transferred:            0 / 10, 0%
[2025-04-21T19:54:37.226826] LINE: Elapsed time:        10.5s
[2025-04-21T19:54:37.227202] LINE: Transferring:
[2025-04-21T19:54:37.227544] LINE:  * Cyberpunk Edgerunners.…0p.WEB.x264-FTMVHD.mkv:  5% /792.634Mi, 4.337Mi/s, 2m52s
[2025-04-21T19:54:37.227933] LINE:  * Cyberpunk Edgerunners.…0p.WEB.x264-FTMVHD.mkv: 13% /795.821Mi, 10.799Mi/s, 1m3s
[2025-04-21T19:54:37.228168] LINE:  * Cyberpunk Edgerunners.…0p.WEB.x264-FTMVHD.mkv:  8% /827.480Mi, 6.312Mi/s, 2m0s
[2025-04-21T19:54:37.228608] LINE:  * Cyberpunk Edgerunners.…0p.WEB.x264-FTMVHD.mkv:  2% /810.327Mi, 2.075Mi/s, 6m19s
[2025-04-21T19:54:37.228997] LINE: 
[2025-04-21T19:54:38.224082] LINE: 2025/04/21 19:54:38 INFO  :
[2025-04-21T19:54:38.224869] LINE: Transferred:   	  265.625 MiB / 8.403 GiB, 3%, 23.716 MiB/s, ETA 5m51s
[2025-04-21T19:54:38.225489] LINE: Checks:                 1 / 1, 100%
[2025-04-21T19:54:38.225973] LINE: Transferred:            0 / 10, 0%
[2025-04-21T19:54:38.226218] LINE: Elapsed time:        11.5s
[2025-04-21T19:54:38.226453] LINE: Transferring:
[2025-04-21T19:54:38.226677] LINE:  * Cyberpunk Edgerunners.…0p.WEB.x264-FTMVHD.mkv:  6% /792.634Mi, 4.352Mi/s, 2m50s
[2025-04-21T19:54:38.227118] LINE:  * Cyberpunk Edgerunners.…0p.WEB.x264-FTMVHD.mkv: 14% /795.821Mi, 10.454Mi/s, 1m5s
[2025-04-21T19:54:38.227407] LINE:  * Cyberpunk Edgerunners.…0p.WEB.x264-FTMVHD.mkv:  9% /827.480Mi, 6.693Mi/s, 1m52s
[2025-04-21T19:54:38.227639] LINE:  * Cyberpunk Edgerunners.…0p.WEB.x264-FTMVHD.mkv:  3% /810.327Mi, 2.216Mi/s, 5m54s
[2025-04-21T19:54:38.227868] LINE: 
[2025-04-21T19:54:39.224118] LINE: 2025/04/21 19:54:39 INFO  :
[2025-04-21T19:54:39.224723] LINE: Transferred:   	  292.875 MiB / 8.403 GiB, 3%, 23.375 MiB/s, ETA 5m55s
[2025-04-21T19:54:39.225162] LINE: Checks:                 1 / 1, 100%
[2025-04-21T19:54:39.225515] LINE: Transferred:            0 / 10, 0%
[2025-04-21T19:54:39.225671] LINE: Elapsed time:        12.5s
[2025-04-21T19:54:39.225975] LINE: Transferring:
[2025-04-21T19:54:39.226605] LINE:  * Cyberpunk Edgerunners.…0p.WEB.x264-FTMVHD.mkv:  6% /792.634Mi, 4.260Mi/s, 2m53s
[2025-04-21T19:54:39.226941] LINE:  * Cyberpunk Edgerunners.…0p.WEB.x264-FTMVHD.mkv: 15% /795.821Mi, 10.020Mi/s, 1m7s
[2025-04-21T19:54:39.227295] LINE:  * Cyberpunk Edgerunners.…0p.WEB.x264-FTMVHD.mkv: 10% /827.480Mi, 6.823Mi/s, 1m48s
[2025-04-21T19:54:39.227592] LINE:  * Cyberpunk Edgerunners.…0p.WEB.x264-FTMVHD.mkv:  3% /810.327Mi, 2.271Mi/s, 5m44s
[2025-04-21T19:54:39.227877] LINE: 
[2025-04-21T19:54:40.224496] LINE: 2025/04/21 19:54:40 INFO  :
[2025-04-21T19:54:40.225048] LINE: Transferred:   	      320 MiB / 8.403 GiB, 4%, 23.740 MiB/s, ETA 5m48s
[2025-04-21T19:54:40.225685] LINE: Checks:                 1 / 1, 100%
[2025-04-21T19:54:40.226039] LINE: Transferred:            0 / 10, 0%
[2025-04-21T19:54:40.226404] LINE: Elapsed time:        13.5s
[2025-04-21T19:54:40.226781] LINE: Transferring:
[2025-04-21T19:54:40.227311] LINE:  * Cyberpunk Edgerunners.…0p.WEB.x264-FTMVHD.mkv:  7% /792.634Mi, 4.327Mi/s, 2m49s
[2025-04-21T19:54:40.227607] LINE:  * Cyberpunk Edgerunners.…0p.WEB.x264-FTMVHD.mkv: 16% /795.821Mi, 9.807Mi/s, 1m7s
[2025-04-21T19:54:40.227828] LINE:  * Cyberpunk Edgerunners.…0p.WEB.x264-FTMVHD.mkv: 11% /827.480Mi, 7.163Mi/s, 1m41s
[2025-04-21T19:54:40.228227] LINE:  * Cyberpunk Edgerunners.…0p.WEB.x264-FTMVHD.mkv:  4% /810.327Mi, 2.442Mi/s, 5m17s
[2025-04-21T19:54:40.228628] LINE: 
[2025-04-21T19:54:41.224193] LINE: 2025/04/21 19:54:41 INFO  :
[2025-04-21T19:54:41.224769] LINE: Transferred:   	  346.875 MiB / 8.403 GiB, 4%, 23.991 MiB/s, ETA 5m44s
[2025-04-21T19:54:41.225182] LINE: Checks:                 1 / 1, 100%
[2025-04-21T19:54:41.225467] LINE: Transferred:            0 / 10, 0%
[2025-04-21T19:54:41.225642] LINE: Elapsed time:        14.5s
[2025-04-21T19:54:41.225845] LINE: Transferring:
[2025-04-21T19:54:41.226341] LINE:  * Cyberpunk Edgerunners.…0p.WEB.x264-FTMVHD.mkv:  8% /792.634Mi, 4.393Mi/s, 2m45s
[2025-04-21T19:54:41.226861] LINE:  * Cyberpunk Edgerunners.…0p.WEB.x264-FTMVHD.mkv: 17% /795.821Mi, 9.642Mi/s, 1m8s
[2025-04-21T19:54:41.227473] LINE:  * Cyberpunk Edgerunners.…0p.WEB.x264-FTMVHD.mkv: 12% /827.480Mi, 7.339Mi/s, 1m38s
[2025-04-21T19:54:41.227873] LINE:  * Cyberpunk Edgerunners.…0p.WEB.x264-FTMVHD.mkv:  4% /810.327Mi, 2.625Mi/s, 4m53s
[2025-04-21T19:54:41.228154] LINE: 
[2025-04-21T19:54:42.224461] LINE: 2025/04/21 19:54:42 INFO  :
[2025-04-21T19:54:42.225059] LINE: Transferred:   	  365.375 MiB / 8.403 GiB, 4%, 23.933 MiB/s, ETA 5m44s
[2025-04-21T19:54:42.225444] LINE: Checks:                 1 / 1, 100%
[2025-04-21T19:54:42.225772] LINE: Transferred:            0 / 10, 0%
[2025-04-21T19:54:42.226103] LINE: Elapsed time:        15.5s
[2025-04-21T19:54:42.226437] LINE: Transferring:
[2025-04-21T19:54:42.226698] LINE:  * Cyberpunk Edgerunners.…0p.WEB.x264-FTMVHD.mkv:  8% /792.634Mi, 4.383Mi/s, 2m45s
[2025-04-21T19:54:42.226994] LINE:  * Cyberpunk Edgerunners.…0p.WEB.x264-FTMVHD.mkv: 18% /795.821Mi, 9.433Mi/s, 1m9s
[2025-04-21T19:54:42.227387] LINE:  * Cyberpunk Edgerunners.…0p.WEB.x264-FTMVHD.mkv: 13% /827.480Mi, 7.342Mi/s, 1m37s
[2025-04-21T19:54:42.227681] LINE:  * Cyberpunk Edgerunners.…0p.WEB.x264-FTMVHD.mkv:  5% /810.327Mi, 2.775Mi/s, 4m36s
[2025-04-21T19:54:42.228031] LINE: 
[2025-04-21T19:54:43.224171] LINE: 2025/04/21 19:54:43 INFO  :
[2025-04-21T19:54:43.224875] LINE: Transferred:   	      389 MiB / 8.403 GiB, 5%, 23.727 MiB/s, ETA 5m46s
[2025-04-21T19:54:43.225170] LINE: Checks:                 1 / 1, 100%
[2025-04-21T19:54:43.225403] LINE: Transferred:            0 / 10, 0%
[2025-04-21T19:54:43.225692] LINE: Elapsed time:        16.5s
[2025-04-21T19:54:43.225808] LINE: Transferring:
[2025-04-21T19:54:43.226039] LINE:  * Cyberpunk Edgerunners.…0p.WEB.x264-FTMVHD.mkv:  8% /792.634Mi, 4.312Mi/s, 2m47s
[2025-04-21T19:54:43.226401] LINE:  * Cyberpunk Edgerunners.…0p.WEB.x264-FTMVHD.mkv: 18% /795.821Mi, 9.203Mi/s, 1m10s
[2025-04-21T19:54:43.226703] LINE:  * Cyberpunk Edgerunners.…0p.WEB.x264-FTMVHD.mkv: 14% /827.480Mi, 7.312Mi/s, 1m36s
[2025-04-21T19:54:43.227047] LINE:  * Cyberpunk Edgerunners.…0p.WEB.x264-FTMVHD.mkv:  6% /810.327Mi, 2.898Mi/s, 4m22s
[2025-04-21T19:54:43.227264] LINE: 
[2025-04-21T19:54:44.224177] LINE: 2025/04/21 19:54:44 INFO  :
[2025-04-21T19:54:44.224675] LINE: Transferred:   	  413.125 MiB / 8.403 GiB, 5%, 23.697 MiB/s, ETA 5m45s
[2025-04-21T19:54:44.224885] LINE: Checks:                 1 / 1, 100%
[2025-04-21T19:54:44.225392] LINE: Transferred:            0 / 10, 0%
[2025-04-21T19:54:44.225605] LINE: Elapsed time:        17.5s
[2025-04-21T19:54:44.225961] LINE: Transferring:
[2025-04-21T19:54:44.226097] LINE:  * Cyberpunk Edgerunners.…0p.WEB.x264-FTMVHD.mkv:  9% /792.634Mi, 4.277Mi/s, 2m47s
[2025-04-21T19:54:44.226503] LINE:  * Cyberpunk Edgerunners.…0p.WEB.x264-FTMVHD.mkv: 19% /795.821Mi, 9.010Mi/s, 1m10s
[2025-04-21T19:54:44.226734] LINE:  * Cyberpunk Edgerunners.…0p.WEB.x264-FTMVHD.mkv: 15% /827.480Mi, 7.309Mi/s, 1m35s
[2025-04-21T19:54:44.226888] LINE:  * Cyberpunk Edgerunners.…0p.WEB.x264-FTMVHD.mkv:  6% /810.327Mi, 3.100Mi/s, 4m3s
[2025-04-21T19:54:44.227081] LINE: 
[2025-04-21T19:54:45.224342] LINE: 2025/04/21 19:54:45 INFO  :
[2025-04-21T19:54:45.224920] LINE: Transferred:   	  438.875 MiB / 8.403 GiB, 5%, 23.841 MiB/s, ETA 5m42s
[2025-04-21T19:54:45.225291] LINE: Checks:                 1 / 1, 100%
[2025-04-21T19:54:45.225729] LINE: Transferred:            0 / 10, 0%
[2025-04-21T19:54:45.226055] LINE: Elapsed time:        18.5s
[2025-04-21T19:54:45.226311] LINE: Transferring:
[2025-04-21T19:54:45.226456] LINE:  * Cyberpunk Edgerunners.…0p.WEB.x264-FTMVHD.mkv:  9% /792.634Mi, 4.283Mi/s, 2m46s
[2025-04-21T19:54:45.226736] LINE:  * Cyberpunk Edgerunners.…0p.WEB.x264-FTMVHD.mkv: 20% /795.821Mi, 8.931Mi/s, 1m10s
[2025-04-21T19:54:45.226986] LINE:  * Cyberpunk Edgerunners.…0p.WEB.x264-FTMVHD.mkv: 15% /827.480Mi, 7.188Mi/s, 1m36s
[2025-04-21T19:54:45.227231] LINE:  * Cyberpunk Edgerunners.…0p.WEB.x264-FTMVHD.mkv:  7% /810.327Mi, 3.445Mi/s, 3m36s
[2025-04-21T19:54:45.227531] LINE: 
[2025-04-21T19:54:46.224569] LINE: 2025/04/21 19:54:46 INFO  :
[2025-04-21T19:54:46.225172] LINE: Transferred:   	  458.375 MiB / 8.403 GiB, 5%, 23.843 MiB/s, ETA 5m41s
[2025-04-21T19:54:46.225598] LINE: Checks:                 1 / 1, 100%
[2025-04-21T19:54:46.226008] LINE: Transferred:            0 / 10, 0%
[2025-04-21T19:54:46.226294] LINE: Elapsed time:        19.5s
[2025-04-21T19:54:46.226714] LINE: Transferring:
[2025-04-21T19:54:46.227125] LINE:  * Cyberpunk Edgerunners.…0p.WEB.x264-FTMVHD.mkv: 10% /792.634Mi, 4.313Mi/s, 2m44s
[2025-04-21T19:54:46.227622] LINE:  * Cyberpunk Edgerunners.…0p.WEB.x264-FTMVHD.mkv: 21% /795.821Mi, 8.795Mi/s, 1m11s
[2025-04-21T19:54:46.228065] LINE:  * Cyberpunk Edgerunners.…0p.WEB.x264-FTMVHD.mkv: 16% /827.480Mi, 7.028Mi/s, 1m38s
[2025-04-21T19:54:46.228334] LINE:  * Cyberpunk Edgerunners.…0p.WEB.x264-FTMVHD.mkv:  8% /810.327Mi, 3.707Mi/s, 3m19s
[2025-04-21T19:54:46.228768] LINE: 
[2025-04-21T19:54:47.224630] LINE: 2025/04/21 19:54:47 INFO  :
[2025-04-21T19:54:47.225355] LINE: Transferred:   	      483 MiB / 8.403 GiB, 6%, 23.564 MiB/s, ETA 5m44s
[2025-04-21T19:54:47.226064] LINE: Checks:                 1 / 1, 100%
[2025-04-21T19:54:47.226296] LINE: Transferred:            0 / 10, 0%
[2025-04-21T19:54:47.226796] LINE: Elapsed time:        20.5s
[2025-04-21T19:54:47.227117] LINE: Transferring:
[2025-04-21T19:54:47.227426] LINE:  * Cyberpunk Edgerunners.…0p.WEB.x264-FTMVHD.mkv: 11% /792.634Mi, 4.332Mi/s, 2m42s
[2025-04-21T19:54:47.227661] LINE:  * Cyberpunk Edgerunners.…0p.WEB.x264-FTMVHD.mkv: 22% /795.821Mi, 8.605Mi/s, 1m11s
[2025-04-21T19:54:47.227812] LINE:  * Cyberpunk Edgerunners.…0p.WEB.x264-FTMVHD.mkv: 16% /827.480Mi, 6.823Mi/s, 1m40s
[2025-04-21T19:54:47.228083] LINE:  * Cyberpunk Edgerunners.…0p.WEB.x264-FTMVHD.mkv:  9% /810.327Mi, 3.819Mi/s, 3m12s
[2025-04-21T19:54:47.228366] LINE: 
[2025-04-21T19:54:48.224903] LINE: 2025/04/21 19:54:48 INFO  :
[2025-04-21T19:54:48.225469] LINE: Transferred:   	  508.750 MiB / 8.403 GiB, 6%, 23.739 MiB/s, ETA 5m41s
[2025-04-21T19:54:48.225921] LINE: Checks:                 1 / 1, 100%
[2025-04-21T19:54:48.226347] LINE: Transferred:            0 / 10, 0%
[2025-04-21T19:54:48.226575] LINE: Elapsed time:        21.5s
[2025-04-21T19:54:48.226884] LINE: Transferring:
[2025-04-21T19:54:48.227294] LINE:  * Cyberpunk Edgerunners.…0p.WEB.x264-FTMVHD.mkv: 11% /792.634Mi, 4.436Mi/s, 2m37s
[2025-04-21T19:54:48.227749] LINE:  * Cyberpunk Edgerunners.…0p.WEB.x264-FTMVHD.mkv: 23% /795.821Mi, 8.583Mi/s, 1m11s
[2025-04-21T19:54:48.228137] LINE:  * Cyberpunk Edgerunners.…0p.WEB.x264-FTMVHD.mkv: 17% /827.480Mi, 6.724Mi/s, 1m41s
[2025-04-21T19:54:48.228405] LINE:  * Cyberpunk Edgerunners.…0p.WEB.x264-FTMVHD.mkv: 10% /810.327Mi, 4.002Mi/s, 3m1s
[2025-04-21T19:54:48.228704] LINE: 
[2025-04-21T19:54:49.224652] LINE: 2025/04/21 19:54:49 INFO  :
[2025-04-21T19:54:49.225259] LINE: Transferred:   	  533.375 MiB / 8.403 GiB, 6%, 23.779 MiB/s, ETA 5m39s
[2025-04-21T19:54:49.225715] LINE: Checks:                 1 / 1, 100%
[2025-04-21T19:54:49.226055] LINE: Transferred:            0 / 10, 0%
[2025-04-21T19:54:49.226375] LINE: Elapsed time:        22.5s
[2025-04-21T19:54:49.226828] LINE: Transferring:
[2025-04-21T19:54:49.227158] LINE:  * Cyberpunk Edgerunners.…0p.WEB.x264-FTMVHD.mkv: 12% /792.634Mi, 4.495Mi/s, 2m33s
[2025-04-21T19:54:49.227493] LINE:  * Cyberpunk Edgerunners.…0p.WEB.x264-FTMVHD.mkv: 24% /795.821Mi, 8.531Mi/s, 1m10s
[2025-04-21T19:54:49.227762] LINE:  * Cyberpunk Edgerunners.…0p.WEB.x264-FTMVHD.mkv: 18% /827.480Mi, 6.609Mi/s, 1m42s
[2025-04-21T19:54:49.228024] LINE:  * Cyberpunk Edgerunners.…0p.WEB.x264-FTMVHD.mkv: 11% /810.327Mi, 4.142Mi/s, 2m53s
[2025-04-21T19:54:49.228275] LINE: 
[2025-04-21T19:54:50.224282] LINE: 2025/04/21 19:54:50 INFO  :
[2025-04-21T19:54:50.225020] LINE: Transferred:   	      547 MiB / 8.403 GiB, 6%, 23.519 MiB/s, ETA 5m42s
[2025-04-21T19:54:50.225537] LINE: Checks:                 1 / 1, 100%
[2025-04-21T19:54:50.226211] LINE: Transferred:            0 / 10, 0%
[2025-04-21T19:54:50.226471] LINE: Elapsed time:        23.5s
[2025-04-21T19:54:50.226920] LINE: Transferring:
[2025-04-21T19:54:50.227366] LINE:  * Cyberpunk Edgerunners.…0p.WEB.x264-FTMVHD.mkv: 13% /792.634Mi, 4.519Mi/s, 2m32s
[2025-04-21T19:54:50.227813] LINE:  * Cyberpunk Edgerunners.…0p.WEB.x264-FTMVHD.mkv: 24% /795.821Mi, 8.333Mi/s, 1m11s
[2025-04-21T19:54:50.228159] LINE:  * Cyberpunk Edgerunners.…0p.WEB.x264-FTMVHD.mkv: 18% /827.480Mi, 6.454Mi/s, 1m44s
[2025-04-21T19:54:50.228655] LINE:  * Cyberpunk Edgerunners.…0p.WEB.x264-FTMVHD.mkv: 11% /810.327Mi, 4.212Mi/s, 2m50s
[2025-04-21T19:54:50.228881] LINE: 
[2025-04-21T19:54:51.224834] LINE: 2025/04/21 19:54:51 INFO  :
[2025-04-21T19:54:51.225557] LINE: Transferred:   	      569 MiB / 8.403 GiB, 7%, 23.081 MiB/s, ETA 5m48s
[2025-04-21T19:54:51.226048] LINE: Checks:                 1 / 1, 100%
[2025-04-21T19:54:51.226492] LINE: Transferred:            0 / 10, 0%
[2025-04-21T19:54:51.227009] LINE: Elapsed time:        24.5s
[2025-04-21T19:54:51.227341] LINE: Transferring:
[2025-04-21T19:54:51.228020] LINE:  * Cyberpunk Edgerunners.…0p.WEB.x264-FTMVHD.mkv: 13% /792.634Mi, 4.494Mi/s, 2m32s
[2025-04-21T19:54:51.228350] LINE:  * Cyberpunk Edgerunners.…0p.WEB.x264-FTMVHD.mkv: 25% /795.821Mi, 8.102Mi/s, 1m13s
[2025-04-21T19:54:51.228677] LINE:  * Cyberpunk Edgerunners.…0p.WEB.x264-FTMVHD.mkv: 19% /827.480Mi, 6.261Mi/s, 1m46s
[2025-04-21T19:54:51.229086] LINE:  * Cyberpunk Edgerunners.…0p.WEB.x264-FTMVHD.mkv: 12% /810.327Mi, 4.222Mi/s, 2m48s
[2025-04-21T19:54:51.229504] LINE: 
[2025-04-21T19:54:52.224363] LINE: 2025/04/21 19:54:52 INFO  :
[2025-04-21T19:54:52.225029] LINE: Transferred:   	  588.375 MiB / 8.403 GiB, 7%, 23.107 MiB/s, ETA 5m46s
[2025-04-21T19:54:52.225341] LINE: Checks:                 1 / 1, 100%
[2025-04-21T19:54:52.225488] LINE: Transferred:            0 / 10, 0%
[2025-04-21T19:54:52.225723] LINE: Elapsed time:        25.5s
[2025-04-21T19:54:52.225931] LINE: Transferring:
[2025-04-21T19:54:52.226228] LINE:  * Cyberpunk Edgerunners.…0p.WEB.x264-FTMVHD.mkv: 14% /792.634Mi, 4.643Mi/s, 2m25s
[2025-04-21T19:54:52.226478] LINE:  * Cyberpunk Edgerunners.…0p.WEB.x264-FTMVHD.mkv: 25% /795.821Mi, 7.939Mi/s, 1m14s
[2025-04-21T19:54:52.226923] LINE:  * Cyberpunk Edgerunners.…0p.WEB.x264-FTMVHD.mkv: 19% /827.480Mi, 6.182Mi/s, 1m47s
[2025-04-21T19:54:52.227204] LINE:  * Cyberpunk Edgerunners.…0p.WEB.x264-FTMVHD.mkv: 12% /810.327Mi, 4.341Mi/s, 2m42s
[2025-04-21T19:54:52.227543] LINE: 
[2025-04-21T19:56:15.117493] LINE: Starting transfer
[2025-04-21T19:56:16.102277] LINE: 2025/04/21 19:56:16 NOTICE: Can't save config "shell_type" for on the fly backend ":sftp"
[2025-04-21T19:56:16.608350] LINE: 2025/04/21 19:56:16 NOTICE: Can't save config "md5sum_command" for on the fly backend ":sftp"
[2025-04-21T19:56:16.618536] LINE: 2025/04/21 19:56:16 NOTICE: Can't save config "sha1sum_command" for on the fly backend ":sftp"
[2025-04-21T19:56:16.734053] LINE: 2025/04/21 19:56:16 INFO  : Writing sparse files: use --local-no-sparse or --multi-thread-streams 0 to disable
[2025-04-21T19:56:17.141795] LINE: 2025/04/21 19:56:17 INFO  :
[2025-04-21T19:56:17.142329] LINE: Transferred:   	    2.375 MiB / 8.403 GiB, 0%, 0 B/s, ETA -
[2025-04-21T19:56:17.142837] LINE: Checks:                 1 / 1, 100%
[2025-04-21T19:56:17.143304] LINE: Transferred:            0 / 10, 0%
[2025-04-21T19:56:17.143639] LINE: Elapsed time:         0.5s
[2025-04-21T19:56:17.144135] LINE: Transferring:
[2025-04-21T19:56:17.144601] LINE:  * Cyberpunk Edgerunners.…0p.WEB.x264-FTMVHD.mkv:  0% /792.634Mi, 0/s, -
[2025-04-21T19:56:17.144993] LINE:  * Cyberpunk Edgerunners.…0p.WEB.x264-FTMVHD.mkv:  0% /795.821Mi, 0/s, -
[2025-04-21T19:56:17.145260] LINE:  * Cyberpunk Edgerunners.…0p.WEB.x264-FTMVHD.mkv:  0% /827.480Mi, 0/s, -
[2025-04-21T19:56:17.145539] LINE:  * Cyberpunk Edgerunners.…0p.WEB.x264-FTMVHD.mkv:  0% /810.327Mi, 0/s, -
[2025-04-21T19:56:17.145674] LINE: 
[2025-04-21T19:56:18.141674] LINE: 2025/04/21 19:56:18 INFO  :
[2025-04-21T19:56:18.142319] LINE: Transferred:   	   21.375 MiB / 8.403 GiB, 0%, 13.125 MiB/s, ETA 10m53s
[2025-04-21T19:56:18.142835] LINE: Checks:                 1 / 1, 100%
[2025-04-21T19:56:18.143188] LINE: Transferred:            0 / 10, 0%
[2025-04-21T19:56:18.143517] LINE: Elapsed time:         1.5s
[2025-04-21T19:56:18.143785] LINE: Transferring:
[2025-04-21T19:56:18.144367] LINE:  * Cyberpunk Edgerunners.…0p.WEB.x264-FTMVHD.mkv:  0% /792.634Mi, 0/s, -
[2025-04-21T19:56:18.144845] LINE:  * Cyberpunk Edgerunners.…0p.WEB.x264-FTMVHD.mkv:  0% /795.821Mi, 256Ki/s, 52m52s
[2025-04-21T19:56:18.145262] LINE:  * Cyberpunk Edgerunners.…0p.WEB.x264-FTMVHD.mkv:  0% /827.480Mi, 0/s, -
[2025-04-21T19:56:18.145720] LINE:  * Cyberpunk Edgerunners.…0p.WEB.x264-FTMVHD.mkv:  2% /810.327Mi, 12.875Mi/s, 1m1s
[2025-04-21T19:56:18.146108] LINE: 
[2025-04-21T19:56:19.141726] LINE: 2025/04/21 19:56:19 INFO  :
[2025-04-21T19:56:19.142385] LINE: Transferred:   	   47.125 MiB / 8.403 GiB, 1%, 17.688 MiB/s, ETA 8m3s
[2025-04-21T19:56:19.143005] LINE: Checks:                 1 / 1, 100%
[2025-04-21T19:56:19.143379] LINE: Transferred:            0 / 10, 0%
[2025-04-21T19:56:19.143635] LINE: Elapsed time:         2.5s
[2025-04-21T19:56:19.144199] LINE: Transferring:
[2025-04-21T19:56:19.144702] LINE:  * Cyberpunk Edgerunners.…0p.WEB.x264-FTMVHD.mkv:  0% /792.634Mi, 0/s, -
[2025-04-21T19:56:19.145226] LINE:  * Cyberpunk Edgerunners.…0p.WEB.x264-FTMVHD.mkv:  1% /795.821Mi, 4.938Mi/s, 2m38s
[2025-04-21T19:56:19.145522] LINE:  * Cyberpunk Edgerunners.…0p.WEB.x264-FTMVHD.mkv:  0% /827.480Mi, 0/s, -
[2025-04-21T19:56:19.145863] LINE:  * Cyberpunk Edgerunners.…0p.WEB.x264-FTMVHD.mkv:  3% /810.327Mi, 12.750Mi/s, 1m1s
[2025-04-21T19:56:19.146422] LINE: 
[2025-04-21T19:56:20.141836] LINE: 2025/04/21 19:56:20 INFO  :
[2025-04-21T19:56:20.142372] LINE: Transferred:   	   70.750 MiB / 8.403 GiB, 1%, 21.500 MiB/s, ETA 6m36s
[2025-04-21T19:56:20.142770] LINE: Checks:                 1 / 1, 100%
[2025-04-21T19:56:20.143077] LINE: Transferred:            0 / 10, 0%
[2025-04-21T19:56:20.143257] LINE: Elapsed time:         3.5s
[2025-04-21T19:56:20.143389] LINE: Transferring:
[2025-04-21T19:56:20.143619] LINE:  * Cyberpunk Edgerunners.…0p.WEB.x264-FTMVHD.mkv:  0% /792.634Mi, 298.666Ki/s, 45m11s
[2025-04-21T19:56:20.144075] LINE:  * Cyberpunk Edgerunners.…0p.WEB.x264-FTMVHD.mkv:  2% /795.821Mi, 6.792Mi/s, 1m54s
[2025-04-21T19:56:20.144482] LINE:  * Cyberpunk Edgerunners.…0p.WEB.x264-FTMVHD.mkv:  0% /827.480Mi, 1.750Mi/s, 7m48s
[2025-04-21T19:56:20.145006] LINE:  * Cyberpunk Edgerunners.…0p.WEB.x264-FTMVHD.mkv:  4% /810.327Mi, 12.708Mi/s, 1m0s
[2025-04-21T19:56:20.145331] LINE: 
[2025-04-21T19:56:21.141656] LINE: 2025/04/21 19:56:21 INFO  :
[2025-04-21T19:56:21.142447] LINE: Transferred:   	   91.500 MiB / 8.403 GiB, 1%, 20.344 MiB/s, ETA 6m58s
[2025-04-21T19:56:21.143063] LINE: Checks:                 1 / 1, 100%
[2025-04-21T19:56:21.143721] LINE: Transferred:            0 / 10, 0%
[2025-04-21T19:56:21.144591] LINE: Elapsed time:         4.5s
[2025-04-21T19:56:21.144968] LINE: Transferring:
[2025-04-21T19:56:21.145276] LINE:  * Cyberpunk Edgerunners.…0p.WEB.x264-FTMVHD.mkv:  0% /792.634Mi, 1Mi/s, 13m6s
[2025-04-21T19:56:21.145427] LINE:  * Cyberpunk Edgerunners.…0p.WEB.x264-FTMVHD.mkv:  3% /795.821Mi, 5.875Mi/s, 2m11s
[2025-04-21T19:56:21.145689] LINE:  * Cyberpunk Edgerunners.…0p.WEB.x264-FTMVHD.mkv:  1% /827.480Mi, 2.719Mi/s, 4m59s
[2025-04-21T19:56:21.145940] LINE:  * Cyberpunk Edgerunners.…0p.WEB.x264-FTMVHD.mkv:  5% /810.327Mi, 10.750Mi/s, 1m11s
[2025-04-21T19:56:21.146094] LINE: 
[2025-04-21T19:56:22.141716] LINE: 2025/04/21 19:56:22 INFO  :
[2025-04-21T19:56:22.142322] LINE: Transferred:   	      114 MiB / 8.403 GiB, 1%, 20.850 MiB/s, ETA 6m47s
[2025-04-21T19:56:22.143002] LINE: Checks:                 1 / 1, 100%
[2025-04-21T19:56:22.143385] LINE: Transferred:            0 / 10, 0%
[2025-04-21T19:56:22.143639] LINE: Elapsed time:         5.5s
[2025-04-21T19:56:22.144333] LINE: Transferring:
[2025-04-21T19:56:22.144708] LINE:  * Cyberpunk Edgerunners.…0p.WEB.x264-FTMVHD.mkv:  1% /792.634Mi, 1.875Mi/s, 6m56s
[2025-04-21T19:56:22.144995] LINE:  * Cyberpunk Edgerunners.…0p.WEB.x264-FTMVHD.mkv:  3% /795.821Mi, 5.600Mi/s, 2m16s
[2025-04-21T19:56:22.145260] LINE:  * Cyberpunk Edgerunners.…0p.WEB.x264-FTMVHD.mkv:  2% /827.480Mi, 3.750Mi/s, 3m34s
[2025-04-21T19:56:22.145408] LINE:  * Cyberpunk Edgerunners.…0p.WEB.x264-FTMVHD.mkv:  6% /810.327Mi, 9.625Mi/s, 1m18s
[2025-04-21T19:56:22.145528] LINE: 
[2025-04-21T19:56:23.141888] LINE: 2025/04/21 19:56:23 INFO  :
[2025-04-21T19:56:23.142676] LINE: Transferred:   	  137.500 MiB / 8.403 GiB, 2%, 21.354 MiB/s, ETA 6m36s
[2025-04-21T19:56:23.143198] LINE: Checks:                 1 / 1, 100%
[2025-04-21T19:56:23.143701] LINE: Transferred:            0 / 10, 0%
[2025-04-21T19:56:23.144100] LINE: Elapsed time:         6.5s
[2025-04-21T19:56:23.144494] LINE: Transferring:
[2025-04-21T19:56:23.145140] LINE:  * Cyberpunk Edgerunners.…0p.WEB.x264-FTMVHD.mkv:  2% /792.634Mi, 2.562Mi/s, 5m2s
[2025-04-21T19:56:23.145481] LINE:  * Cyberpunk Edgerunners.…0p.WEB.x264-FTMVHD.mkv:  4% /795.821Mi, 5.500Mi/s, 2m18s
[2025-04-21T19:56:23.145808] LINE:  * Cyberpunk Edgerunners.…0p.WEB.x264-FTMVHD.mkv:  3% /827.480Mi, 4.479Mi/s, 2m58s
[2025-04-21T19:56:23.146188] LINE:  * Cyberpunk Edgerunners.…0p.WEB.x264-FTMVHD.mkv:  6% /810.327Mi, 8.812Mi/s, 1m25s
[2025-04-21T19:56:23.146763] LINE: 
[2025-04-21T19:56:24.141550] LINE: 2025/04/21 19:56:24 INFO  :
[2025-04-21T19:56:24.142092] LINE: Transferred:   	      159 MiB / 8.403 GiB, 2%, 21.571 MiB/s, ETA 6m31s
[2025-04-21T19:56:24.142847] LINE: Checks:                 1 / 1, 100%
[2025-04-21T19:56:24.143325] LINE: Transferred:            0 / 10, 0%
[2025-04-21T19:56:24.143620] LINE: Elapsed time:         7.5s
[2025-04-21T19:56:24.143897] LINE: Transferring:
[2025-04-21T19:56:24.144577] LINE:  * Cyberpunk Edgerunners.…0p.WEB.x264-FTMVHD.mkv:  2% /792.634Mi, 3.018Mi/s, 4m14s
[2025-04-21T19:56:24.145020] LINE:  * Cyberpunk Edgerunners.…0p.WEB.x264-FTMVHD.mkv:  4% /795.821Mi, 5.429Mi/s, 2m19s
[2025-04-21T19:56:24.145300] LINE:  * Cyberpunk Edgerunners.…0p.WEB.x264-FTMVHD.mkv:  4% /827.480Mi, 4.857Mi/s, 2m42s
[2025-04-21T19:56:24.145657] LINE:  * Cyberpunk Edgerunners.…0p.WEB.x264-FTMVHD.mkv:  7% /810.327Mi, 8.286Mi/s, 1m30s
[2025-04-21T19:56:24.145924] LINE: 
[2025-04-21T19:56:25.141614] LINE: 2025/04/21 19:56:25 INFO  :
[2025-04-21T19:56:25.142223] LINE: Transferred:   	      179 MiB / 8.403 GiB, 2%, 21 MiB/s, ETA 6m41s
[2025-04-21T19:56:25.142633] LINE: Checks:                 1 / 1, 100%
[2025-04-21T19:56:25.142949] LINE: Transferred:            0 / 10, 0%
[2025-04-21T19:56:25.143214] LINE: Elapsed time:         8.5s
[2025-04-21T19:56:25.143459] LINE: Transferring:
[2025-04-21T19:56:25.143597] LINE:  * Cyberpunk Edgerunners.…0p.WEB.x264-FTMVHD.mkv:  3% /792.634Mi, 3.156Mi/s, 4m2s
[2025-04-21T19:56:25.143843] LINE:  * Cyberpunk Edgerunners.…0p.WEB.x264-FTMVHD.mkv:  5% /795.821Mi, 5.219Mi/s, 2m23s
[2025-04-21T19:56:25.144111] LINE:  * Cyberpunk Edgerunners.…0p.WEB.x264-FTMVHD.mkv:  5% /827.480Mi, 4.906Mi/s, 2m39s
[2025-04-21T19:56:25.144600] LINE:  * Cyberpunk Edgerunners.…0p.WEB.x264-FTMVHD.mkv:  7% /810.327Mi, 7.719Mi/s, 1m36s
[2025-04-21T19:56:25.145001] LINE: 
[2025-04-21T19:56:26.141792] LINE: 2025/04/21 19:56:26 INFO  :
[2025-04-21T19:56:26.142364] LINE: Transferred:   	  204.750 MiB / 8.403 GiB, 2%, 21.681 MiB/s, ETA 6m27s
[2025-04-21T19:56:26.142932] LINE: Checks:                 1 / 1, 100%
[2025-04-21T19:56:26.143275] LINE: Transferred:            0 / 10, 0%
[2025-04-21T19:56:26.143547] LINE: Elapsed time:         9.5s
[2025-04-21T19:56:26.143818] LINE: Transferring:
[2025-04-21T19:56:26.144086] LINE:  * Cyberpunk Edgerunners.…0p.WEB.x264-FTMVHD.mkv:  4% /792.634Mi, 3.472Mi/s, 3m38s
[2025-04-21T19:56:26.144622] LINE:  * Cyberpunk Edgerunners.…0p.WEB.x264-FTMVHD.mkv:  6% /795.821Mi, 5.417Mi/s, 2m17s
[2025-04-21T19:56:26.144967] LINE:  * Cyberpunk Edgerunners.…0p.WEB.x264-FTMVHD.mkv:  6% /827.480Mi, 5.250Mi/s, 2m28s
[2025-04-21T19:56:26.145189] LINE:  * Cyberpunk Edgerunners.…0p.WEB.x264-FTMVHD.mkv:  8% /810.327Mi, 7.542Mi/s, 1m38s
[2025-04-21T19:56:26.145428] LINE: 
[2025-04-21T19:56:27.141919] LINE: 2025/04/21 19:56:27 INFO  :
[2025-04-21T19:56:27.142540] LINE: Transferred:   	  230.750 MiB / 8.403 GiB, 3%, 22.025 MiB/s, ETA 6m20s
[2025-04-21T19:56:27.143219] LINE: Checks:                 1 / 1, 100%
[2025-04-21T19:56:27.143558] LINE: Transferred:            0 / 10, 0%
[2025-04-21T19:56:27.143867] LINE: Elapsed time:        10.5s
[2025-04-21T19:56:27.144273] LINE: Transferring:
[2025-04-21T19:56:27.144899] LINE:  * Cyberpunk Edgerunners.…0p.WEB.x264-FTMVHD.mkv:  4% /792.634Mi, 3.688Mi/s, 3m24s
[2025-04-21T19:56:27.145240] LINE:  * Cyberpunk Edgerunners.…0p.WEB.x264-FTMVHD.mkv:  7% /795.821Mi, 5.512Mi/s, 2m13s
[2025-04-21T19:56:27.145540] LINE:  * Cyberpunk Edgerunners.…0p.WEB.x264-FTMVHD.mkv:  6% /827.480Mi, 5.450Mi/s, 2m21s
[2025-04-21T19:56:27.145738] LINE:  * Cyberpunk Edgerunners.…0p.WEB.x264-FTMVHD.mkv:  9% /810.327Mi, 7.387Mi/s, 1m39s
[2025-04-21T19:56:27.146070] LINE: 
[2025-04-21T19:56:28.141709] LINE: 2025/04/21 19:56:28 INFO  :
[2025-04-21T19:56:28.142273] LINE: Transferred:   	  252.625 MiB / 8.403 GiB, 3%, 22.239 MiB/s, ETA 6m15s
[2025-04-21T19:56:28.142712] LINE: Checks:                 1 / 1, 100%
[2025-04-21T19:56:28.142947] LINE: Transferred:            0 / 10, 0%
[2025-04-21T19:56:28.143338] LINE: Elapsed time:        11.5s
[2025-04-21T19:56:28.143636] LINE: Transferring:
[2025-04-21T19:56:28.143906] LINE:  * Cyberpunk Edgerunners.…0p.WEB.x264-FTMVHD.mkv:  5% /792.634Mi, 3.886Mi/s, 3m12s
[2025-04-21T19:56:28.144184] LINE:  * Cyberpunk Edgerunners.…0p.WEB.x264-FTMVHD.mkv:  7% /795.821Mi, 5.557Mi/s, 2m11s
[2025-04-21T19:56:28.144728] LINE:  * Cyberpunk Edgerunners.…0p.WEB.x264-FTMVHD.mkv:  7% /827.480Mi, 5.545Mi/s, 2m17s
[2025-04-21T19:56:28.145241] LINE:  * Cyberpunk Edgerunners.…0p.WEB.x264-FTMVHD.mkv: 10% /810.327Mi, 7.250Mi/s, 1m40s
[2025-04-21T19:56:28.145643] LINE: 
[2025-04-21T19:56:29.141641] LINE: 2025/04/21 19:56:29 INFO  :
[2025-04-21T19:56:29.142257] LINE: Transferred:   	  276.250 MiB / 8.403 GiB, 3%, 22.250 MiB/s, ETA 6m14s
[2025-04-21T19:56:29.142624] LINE: Checks:                 1 / 1, 100%
[2025-04-21T19:56:29.142965] LINE: Transferred:            0 / 10, 0%
[2025-04-21T19:56:29.143264] LINE: Elapsed time:        12.5s
[2025-04-21T19:56:29.143462] LINE: Transferring:
[2025-04-21T19:56:29.144035] LINE:  * Cyberpunk Edgerunners.…0p.WEB.x264-FTMVHD.mkv:  6% /792.634Mi, 4.021Mi/s, 3m4s
[2025-04-21T19:56:29.144438] LINE:  * Cyberpunk Edgerunners.…0p.WEB.x264-FTMVHD.mkv:  8% /795.821Mi, 5.552Mi/s, 2m10s
[2025-04-21T19:56:29.144843] LINE:  * Cyberpunk Edgerunners.…0p.WEB.x264-FTMVHD.mkv:  8% /827.480Mi, 5.635Mi/s, 2m14s
[2025-04-21T19:56:29.145422] LINE:  * Cyberpunk Edgerunners.…0p.WEB.x264-FTMVHD.mkv: 10% /810.327Mi, 7.042Mi/s, 1m42s
[2025-04-21T19:56:29.145676] LINE: 
[2025-04-21T19:56:30.141861] LINE: 2025/04/21 19:56:30 INFO  :
[2025-04-21T19:56:30.142440] LINE: Transferred:   	  297.500 MiB / 8.403 GiB, 3%, 22.115 MiB/s, ETA 6m15s
[2025-04-21T19:56:30.143132] LINE: Checks:                 1 / 1, 100%
[2025-04-21T19:56:30.143453] LINE: Transferred:            0 / 10, 0%
[2025-04-21T19:56:30.143842] LINE: Elapsed time:        13.5s
[2025-04-21T19:56:30.144532] LINE: Transferring:
[2025-04-21T19:56:30.144838] LINE:  * Cyberpunk Edgerunners.…0p.WEB.x264-FTMVHD.mkv:  7% /792.634Mi, 4.135Mi/s, 2m58s
[2025-04-21T19:56:30.145178] LINE:  * Cyberpunk Edgerunners.…0p.WEB.x264-FTMVHD.mkv:  9% /795.821Mi, 5.510Mi/s, 2m10s
[2025-04-21T19:56:30.145403] LINE:  * Cyberpunk Edgerunners.…0p.WEB.x264-FTMVHD.mkv:  9% /827.480Mi, 5.635Mi/s, 2m13s
[2025-04-21T19:56:30.145681] LINE:  * Cyberpunk Edgerunners.…0p.WEB.x264-FTMVHD.mkv: 11% /810.327Mi, 6.837Mi/s, 1m45s
[2025-04-21T19:56:30.146098] LINE: 
[2025-04-21T19:56:31.141611] LINE: 2025/04/21 19:56:31 INFO  :
[2025-04-21T19:56:31.142342] LINE: Transferred:   	  319.125 MiB / 8.403 GiB, 4%, 22.196 MiB/s, ETA 6m13s
[2025-04-21T19:56:31.142926] LINE: Checks:                 1 / 1, 100%
[2025-04-21T19:56:31.143152] LINE: Transferred:            0 / 10, 0%
[2025-04-21T19:56:31.143846] LINE: Elapsed time:        14.5s
[2025-04-21T19:56:31.144283] LINE: Transferring:
[2025-04-21T19:56:31.145001] LINE:  * Cyberpunk Edgerunners.…0p.WEB.x264-FTMVHD.mkv:  7% /792.634Mi, 4.277Mi/s, 2m50s
[2025-04-21T19:56:31.145376] LINE:  * Cyberpunk Edgerunners.…0p.WEB.x264-FTMVHD.mkv:  9% /795.821Mi, 5.509Mi/s, 2m10s
[2025-04-21T19:56:31.145543] LINE:  * Cyberpunk Edgerunners.…0p.WEB.x264-FTMVHD.mkv:  9% /827.480Mi, 5.696Mi/s, 2m10s
[2025-04-21T19:56:31.145837] LINE:  * Cyberpunk Edgerunners.…0p.WEB.x264-FTMVHD.mkv: 11% /810.327Mi, 6.714Mi/s, 1m46s
[2025-04-21T19:56:31.146023] LINE: 
[2025-04-21T19:56:32.141659] LINE: 2025/04/21 19:56:32 INFO  :
[2025-04-21T19:56:32.142291] LINE: Transferred:   	  341.250 MiB / 8.403 GiB, 4%, 22.250 MiB/s, ETA 6m11s
[2025-04-21T19:56:32.142899] LINE: Checks:                 1 / 1, 100%
[2025-04-21T19:56:32.143273] LINE: Transferred:            0 / 10, 0%
[2025-04-21T19:56:32.143647] LINE: Elapsed time:        15.5s
[2025-04-21T19:56:32.144074] LINE: Transferring:
[2025-04-21T19:56:32.144500] LINE:  * Cyberpunk Edgerunners.…0p.WEB.x264-FTMVHD.mkv:  8% /792.634Mi, 4.408Mi/s, 2m44s
[2025-04-21T19:56:32.145105] LINE:  * Cyberpunk Edgerunners.…0p.WEB.x264-FTMVHD.mkv: 10% /795.821Mi, 5.508Mi/s, 2m9s
[2025-04-21T19:56:32.145577] LINE:  * Cyberpunk Edgerunners.…0p.WEB.x264-FTMVHD.mkv: 10% /827.480Mi, 5.717Mi/s, 2m9s
[2025-04-21T19:56:32.145987] LINE:  * Cyberpunk Edgerunners.…0p.WEB.x264-FTMVHD.mkv: 12% /810.327Mi, 6.617Mi/s, 1m47s
[2025-04-21T19:56:32.146255] LINE: 
[2025-04-21T19:56:33.141963] LINE: 2025/04/21 19:56:33 INFO  :
[2025-04-21T19:56:33.142514] LINE: Transferred:   	  363.500 MiB / 8.403 GiB, 4%, 22.164 MiB/s, ETA 6m11s
[2025-04-21T19:56:33.142971] LINE: Checks:                 1 / 1, 100%
[2025-04-21T19:56:33.143246] LINE: Transferred:            0 / 10, 0%
[2025-04-21T19:56:33.143524] LINE: Elapsed time:        16.5s
[2025-04-21T19:56:33.144155] LINE: Transferring:
[2025-04-21T19:56:33.144677] LINE:  * Cyberpunk Edgerunners.…0p.WEB.x264-FTMVHD.mkv:  9% /792.634Mi, 4.477Mi/s, 2m40s
[2025-04-21T19:56:33.145027] LINE:  * Cyberpunk Edgerunners.…0p.WEB.x264-FTMVHD.mkv: 11% /795.821Mi, 5.484Mi/s, 2m8s
[2025-04-21T19:56:33.145406] LINE:  * Cyberpunk Edgerunners.…0p.WEB.x264-FTMVHD.mkv: 11% /827.480Mi, 5.680Mi/s, 2m9s
[2025-04-21T19:56:33.145682] LINE:  * Cyberpunk Edgerunners.…0p.WEB.x264-FTMVHD.mkv: 13% /810.327Mi, 6.523Mi/s, 1m47s
[2025-04-21T19:56:33.146019] LINE: 
[2025-04-21T19:56:34.141501] LINE: 2025/04/21 19:56:34 INFO  :
[2025-04-21T19:56:34.142213] LINE: Transferred:   	  389.500 MiB / 8.403 GiB, 5%, 22.294 MiB/s, ETA 6m8s
[2025-04-21T19:56:34.142707] LINE: Checks:                 1 / 1, 100%
[2025-04-21T19:56:34.143021] LINE: Transferred:            0 / 10, 0%
[2025-04-21T19:56:34.143575] LINE: Elapsed time:        17.5s
[2025-04-21T19:56:34.144033] LINE: Transferring:
[2025-04-21T19:56:34.144416] LINE:  * Cyberpunk Edgerunners.…0p.WEB.x264-FTMVHD.mkv: 10% /792.634Mi, 4.603Mi/s, 2m34s
[2025-04-21T19:56:34.144958] LINE:  * Cyberpunk Edgerunners.…0p.WEB.x264-FTMVHD.mkv: 12% /795.821Mi, 5.540Mi/s, 2m6s
[2025-04-21T19:56:34.145400] LINE:  * Cyberpunk Edgerunners.…0p.WEB.x264-FTMVHD.mkv: 11% /827.480Mi, 5.676Mi/s, 2m8s
[2025-04-21T19:56:34.145974] LINE:  * Cyberpunk Edgerunners.…0p.WEB.x264-FTMVHD.mkv: 13% /810.327Mi, 6.475Mi/s, 1m47s
[2025-04-21T19:56:34.146428] LINE: 
[2025-04-21T19:56:35.141754] LINE: 2025/04/21 19:56:35 INFO  :
[2025-04-21T19:56:35.142347] LINE: Transferred:   	  414.750 MiB / 8.403 GiB, 5%, 22.510 MiB/s, ETA 6m3s
[2025-04-21T19:56:35.142899] LINE: Checks:                 1 / 1, 100%
[2025-04-21T19:56:35.143260] LINE: Transferred:            0 / 10, 0%
[2025-04-21T19:56:35.143781] LINE: Elapsed time:        18.5s
[2025-04-21T19:56:35.144301] LINE: Transferring:
[2025-04-21T19:56:35.144783] LINE:  * Cyberpunk Edgerunners.…0p.WEB.x264-FTMVHD.mkv: 11% /792.634Mi, 4.745Mi/s, 2m28s
[2025-04-21T19:56:35.145107] LINE:  * Cyberpunk Edgerunners.…0p.WEB.x264-FTMVHD.mkv: 12% /795.821Mi, 5.608Mi/s, 2m3s
[2025-04-21T19:56:35.145432] LINE:  * Cyberpunk Edgerunners.…0p.WEB.x264-FTMVHD.mkv: 12% /827.480Mi, 5.704Mi/s, 2m6s
[2025-04-21T19:56:35.145810] LINE:  * Cyberpunk Edgerunners.…0p.WEB.x264-FTMVHD.mkv: 14% /810.327Mi, 6.461Mi/s, 1m46s
[2025-04-21T19:56:35.146073] LINE: 
[2025-04-21T19:56:36.141834] LINE: 2025/04/21 19:56:36 INFO  :
[2025-04-21T19:56:36.142508] LINE: Transferred:   	  433.875 MiB / 8.403 GiB, 5%, 22.479 MiB/s, ETA 6m3s
[2025-04-21T19:56:36.143126] LINE: Checks:                 1 / 1, 100%
[2025-04-21T19:56:36.143434] LINE: Transferred:            0 / 10, 0%
[2025-04-21T19:56:36.143757] LINE: Elapsed time:        19.5s
[2025-04-21T19:56:36.144212] LINE: Transferring:
[2025-04-21T19:56:36.144595] LINE:  * Cyberpunk Edgerunners.…0p.WEB.x264-FTMVHD.mkv: 11% /792.634Mi, 4.800Mi/s, 2m25s
[2025-04-21T19:56:36.144867] LINE:  * Cyberpunk Edgerunners.…0p.WEB.x264-FTMVHD.mkv: 13% /795.821Mi, 5.601Mi/s, 2m2s
[2025-04-21T19:56:36.145189] LINE:  * Cyberpunk Edgerunners.…0p.WEB.x264-FTMVHD.mkv: 13% /827.480Mi, 5.645Mi/s, 2m7s
[2025-04-21T19:56:36.145424] LINE:  * Cyberpunk Edgerunners.…0p.WEB.x264-FTMVHD.mkv: 15% /810.327Mi, 6.432Mi/s, 1m46s
[2025-04-21T19:56:36.145772] LINE: 
[2025-04-21T19:56:37.141784] LINE: 2025/04/21 19:56:37 INFO  :
[2025-04-21T19:56:37.142709] LINE: Transferred:   	  456.750 MiB / 8.403 GiB, 5%, 22.402 MiB/s, ETA 6m3s
[2025-04-21T19:56:37.143243] LINE: Checks:                 1 / 1, 100%
[2025-04-21T19:56:37.143513] LINE: Transferred:            0 / 10, 0%
[2025-04-21T19:56:37.143803] LINE: Elapsed time:        20.5s
[2025-04-21T19:56:37.144117] LINE: Transferring:
[2025-04-21T19:56:37.144545] LINE:  * Cyberpunk Edgerunners.…0p.WEB.x264-FTMVHD.mkv: 12% /792.634Mi, 4.844Mi/s, 2m23s
[2025-04-21T19:56:37.144886] LINE:  * Cyberpunk Edgerunners.…0p.WEB.x264-FTMVHD.mkv: 14% /795.821Mi, 5.595Mi/s, 2m1s
[2025-04-21T19:56:37.145269] LINE:  * Cyberpunk Edgerunners.…0p.WEB.x264-FTMVHD.mkv: 13% /827.480Mi, 5.581Mi/s, 2m7s
[2025-04-21T19:56:37.145943] LINE:  * Cyberpunk Edgerunners.…0p.WEB.x264-FTMVHD.mkv: 16% /810.327Mi, 6.382Mi/s, 1m46s
[2025-04-21T19:56:37.146352] LINE: 
[2025-04-21T19:56:38.141719] LINE: 2025/04/21 19:56:38 INFO  :
[2025-04-21T19:56:38.142646] LINE: Transferred:   	  484.375 MiB / 8.403 GiB, 6%, 22.595 MiB/s, ETA 5m59s
[2025-04-21T19:56:38.143364] LINE: Checks:                 1 / 1, 100%
[2025-04-21T19:56:38.143884] LINE: Transferred:            0 / 10, 0%
[2025-04-21T19:56:38.144167] LINE: Elapsed time:        21.5s
[2025-04-21T19:56:38.144570] LINE: Transferring:
[2025-04-21T19:56:38.145091] LINE:  * Cyberpunk Edgerunners.…0p.WEB.x264-FTMVHD.mkv: 13% /792.634Mi, 4.924Mi/s, 2m19s
[2025-04-21T19:56:38.145425] LINE:  * Cyberpunk Edgerunners.…0p.WEB.x264-FTMVHD.mkv: 15% /795.821Mi, 5.683Mi/s, 1m58s
[2025-04-21T19:56:38.145730] LINE:  * Cyberpunk Edgerunners.…0p.WEB.x264-FTMVHD.mkv: 14% /827.480Mi, 5.576Mi/s, 2m6s
[2025-04-21T19:56:38.146066] LINE:  * Cyberpunk Edgerunners.…0p.WEB.x264-FTMVHD.mkv: 17% /810.327Mi, 6.413Mi/s, 1m44s
[2025-04-21T19:56:38.146371] LINE: 
[2025-04-21T19:56:39.141948] LINE: 2025/04/21 19:56:39 INFO  :
[2025-04-21T19:56:39.142876] LINE: Transferred:   	  510.250 MiB / 8.403 GiB, 6%, 22.808 MiB/s, ETA 5m54s
[2025-04-21T19:56:39.143590] LINE: Checks:                 1 / 1, 100%
[2025-04-21T19:56:39.143906] LINE: Transferred:            0 / 10, 0%
[2025-04-21T19:56:39.144288] LINE: Elapsed time:        22.5s
[2025-04-21T19:56:39.144983] LINE: Transferring:
[2025-04-21T19:56:39.145393] LINE:  * Cyberpunk Edgerunners.…0p.WEB.x264-FTMVHD.mkv: 13% /792.634Mi, 4.960Mi/s, 2m17s
[2025-04-21T19:56:39.145780] LINE:  * Cyberpunk Edgerunners.…0p.WEB.x264-FTMVHD.mkv: 16% /795.821Mi, 5.820Mi/s, 1m54s
[2025-04-21T19:56:39.146101] LINE:  * Cyberpunk Edgerunners.…0p.WEB.x264-FTMVHD.mkv: 15% /827.480Mi, 5.595Mi/s, 2m5s
[2025-04-21T19:56:39.146393] LINE:  * Cyberpunk Edgerunners.…0p.WEB.x264-FTMVHD.mkv: 17% /810.327Mi, 6.441Mi/s, 1m43s
[2025-04-21T19:56:39.146612] LINE: 
[2025-04-21T19:56:40.141914] LINE: 2025/04/21 19:56:40 INFO  :
[2025-04-21T19:56:40.142524] LINE: Transferred:   	  531.375 MiB / 8.403 GiB, 6%, 22.789 MiB/s, ETA 5m54s
[2025-04-21T19:56:40.143036] LINE: Checks:                 1 / 1, 100%
[2025-04-21T19:56:40.143431] LINE: Transferred:            0 / 10, 0%
[2025-04-21T19:56:40.143850] LINE: Elapsed time:        23.5s
[2025-04-21T19:56:40.144244] LINE: Transferring:
[2025-04-21T19:56:40.144578] LINE:  * Cyberpunk Edgerunners.…0p.WEB.x264-FTMVHD.mkv: 14% /792.634Mi, 4.915Mi/s, 2m18s
[2025-04-21T19:56:40.145003] LINE:  * Cyberpunk Edgerunners.…0p.WEB.x264-FTMVHD.mkv: 17% /795.821Mi, 5.893Mi/s, 1m51s
[2025-04-21T19:56:40.145376] LINE:  * Cyberpunk Edgerunners.…0p.WEB.x264-FTMVHD.mkv: 15% /827.480Mi, 5.573Mi/s, 2m5s
[2025-04-21T19:56:40.145734] LINE:  * Cyberpunk Edgerunners.…0p.WEB.x264-FTMVHD.mkv: 18% /810.327Mi, 6.414Mi/s, 1m42s
[2025-04-21T19:56:40.145970] LINE: 
[2025-04-21T19:56:41.141766] LINE: 2025/04/21 19:56:41 INFO  :
[2025-04-21T19:56:41.142374] LINE: Transferred:   	  553.250 MiB / 8.403 GiB, 6%, 22.802 MiB/s, ETA 5m53s
[2025-04-21T19:56:41.143088] LINE: Checks:                 1 / 1, 100%
[2025-04-21T19:56:41.143753] LINE: Transferred:            0 / 10, 0%
[2025-04-21T19:56:41.144297] LINE: Elapsed time:        24.5s
[2025-04-21T19:56:41.144791] LINE: Transferring:
[2025-04-21T19:56:41.145219] LINE:  * Cyberpunk Edgerunners.…0p.WEB.x264-FTMVHD.mkv: 14% /792.634Mi, 4.858Mi/s, 2m18s
[2025-04-21T19:56:41.145457] LINE:  * Cyberpunk Edgerunners.…0p.WEB.x264-FTMVHD.mkv: 18% /795.821Mi, 5.994Mi/s, 1m48s
[2025-04-21T19:56:41.145666] LINE:  * Cyberpunk Edgerunners.…0p.WEB.x264-FTMVHD.mkv: 16% /827.480Mi, 5.545Mi/s, 2m4s
[2025-04-21T19:56:41.146023] LINE:  * Cyberpunk Edgerunners.…0p.WEB.x264-FTMVHD.mkv: 19% /810.327Mi, 6.404Mi/s, 1m42s
[2025-04-21T19:56:41.146365] LINE: 
[2025-04-21T19:56:42.141707] LINE: 2025/04/21 19:56:42 INFO  :
[2025-04-21T19:56:42.142314] LINE: Transferred:   	  581.375 MiB / 8.403 GiB, 7%, 22.893 MiB/s, ETA 5m50s
[2025-04-21T19:56:42.142752] LINE: Checks:                 1 / 1, 100%
[2025-04-21T19:56:42.143040] LINE: Transferred:            0 / 10, 0%
[2025-04-21T19:56:42.143205] LINE: Elapsed time:        25.5s
[2025-04-21T19:56:42.143506] LINE: Transferring:
[2025-04-21T19:56:42.143861] LINE:  * Cyberpunk Edgerunners.…0p.WEB.x264-FTMVHD.mkv: 15% /792.634Mi, 4.812Mi/s, 2m19s
[2025-04-21T19:56:42.144012] LINE:  * Cyberpunk Edgerunners.…0p.WEB.x264-FTMVHD.mkv: 19% /795.821Mi, 6.150Mi/s, 1m44s
[2025-04-21T19:56:42.144472] LINE:  * Cyberpunk Edgerunners.…0p.WEB.x264-FTMVHD.mkv: 17% /827.480Mi, 5.511Mi/s, 2m4s
[2025-04-21T19:56:42.144808] LINE:  * Cyberpunk Edgerunners.…0p.WEB.x264-FTMVHD.mkv: 20% /810.327Mi, 6.417Mi/s, 1m40s
[2025-04-21T19:56:42.145011] LINE: 
[2025-04-21T19:56:43.141596] LINE: 2025/04/21 19:56:43 INFO  :
[2025-04-21T19:56:43.142175] LINE: Transferred:   	  607.875 MiB / 8.403 GiB, 7%, 23.181 MiB/s, ETA 5m44s
[2025-04-21T19:56:43.142622] LINE: Checks:                 1 / 1, 100%
[2025-04-21T19:56:43.142850] LINE: Transferred:            0 / 10, 0%
[2025-04-21T19:56:43.143078] LINE: Elapsed time:        26.5s
[2025-04-21T19:56:43.143418] LINE: Transferring:
[2025-04-21T19:56:43.143856] LINE:  * Cyberpunk Edgerunners.…0p.WEB.x264-FTMVHD.mkv: 16% /792.634Mi, 4.809Mi/s, 2m18s
[2025-04-21T19:56:43.144452] LINE:  * Cyberpunk Edgerunners.…0p.WEB.x264-FTMVHD.mkv: 20% /795.821Mi, 6.399Mi/s, 1m38s
[2025-04-21T19:56:43.144720] LINE:  * Cyberpunk Edgerunners.…0p.WEB.x264-FTMVHD.mkv: 17% /827.480Mi, 5.549Mi/s, 2m2s
[2025-04-21T19:56:43.145043] LINE:  * Cyberpunk Edgerunners.…0p.WEB.x264-FTMVHD.mkv: 20% /810.327Mi, 6.423Mi/s, 1m39s
[2025-04-21T19:56:43.145465] LINE: 
[2025-04-21T19:56:44.141656] LINE: 2025/04/21 19:56:44 INFO  :
[2025-04-21T19:56:44.142277] LINE: Transferred:   	  623.875 MiB / 8.403 GiB, 7%, 23.013 MiB/s, ETA 5m46s
[2025-04-21T19:56:44.142754] LINE: Checks:                 1 / 1, 100%
[2025-04-21T19:56:44.143101] LINE: Transferred:            0 / 10, 0%
[2025-04-21T19:56:44.143376] LINE: Elapsed time:        27.5s
[2025-04-21T19:56:44.143802] LINE: Transferring:
[2025-04-21T19:56:44.144245] LINE:  * Cyberpunk Edgerunners.…0p.WEB.x264-FTMVHD.mkv: 16% /792.634Mi, 4.781Mi/s, 2m18s
[2025-04-21T19:56:44.144846] LINE:  * Cyberpunk Edgerunners.…0p.WEB.x264-FTMVHD.mkv: 21% /795.821Mi, 6.444Mi/s, 1m37s
[2025-04-21T19:56:44.145298] LINE:  * Cyberpunk Edgerunners.…0p.WEB.x264-FTMVHD.mkv: 18% /827.480Mi, 5.476Mi/s, 2m3s
[2025-04-21T19:56:44.145620] LINE:  * Cyberpunk Edgerunners.…0p.WEB.x264-FTMVHD.mkv: 21% /810.327Mi, 6.310Mi/s, 1m40s
[2025-04-21T19:56:44.145965] LINE: 
[2025-04-21T19:56:45.141636] LINE: 2025/04/21 19:56:45 INFO  :
[2025-04-21T19:56:45.142248] LINE: Transferred:   	  649.375 MiB / 8.403 GiB, 8%, 22.989 MiB/s, ETA 5m46s
[2025-04-21T19:56:45.142848] LINE: Checks:                 1 / 1, 100%
[2025-04-21T19:56:45.143211] LINE: Transferred:            0 / 10, 0%
[2025-04-21T19:56:45.143468] LINE: Elapsed time:        28.5s
[2025-04-21T19:56:45.143747] LINE: Transferring:
[2025-04-21T19:56:45.144195] LINE:  * Cyberpunk Edgerunners.…0p.WEB.x264-FTMVHD.mkv: 17% /792.634Mi, 4.795Mi/s, 2m16s
[2025-04-21T19:56:45.144802] LINE:  * Cyberpunk Edgerunners.…0p.WEB.x264-FTMVHD.mkv: 22% /795.821Mi, 6.495Mi/s, 1m35s
[2025-04-21T19:56:45.145099] LINE:  * Cyberpunk Edgerunners.…0p.WEB.x264-FTMVHD.mkv: 18% /827.480Mi, 5.477Mi/s, 2m2s
[2025-04-21T19:56:45.145418] LINE:  * Cyberpunk Edgerunners.…0p.WEB.x264-FTMVHD.mkv: 22% /810.327Mi, 6.221Mi/s, 1m41s
[2025-04-21T19:56:45.145633] LINE: 
[2025-04-21T19:56:46.141634] LINE: 2025/04/21 19:56:46 INFO  :
[2025-04-21T19:56:46.142237] LINE: Transferred:   	  673.125 MiB / 8.403 GiB, 8%, 22.974 MiB/s, ETA 5m45s
[2025-04-21T19:56:46.142819] LINE: Checks:                 1 / 1, 100%
[2025-04-21T19:56:46.143258] LINE: Transferred:            0 / 10, 0%
[2025-04-21T19:56:46.143643] LINE: Elapsed time:        29.5s
[2025-04-21T19:56:46.144060] LINE: Transferring:
[2025-04-21T19:56:46.144382] LINE:  * Cyberpunk Edgerunners.…0p.WEB.x264-FTMVHD.mkv: 17% /792.634Mi, 4.831Mi/s, 2m14s
[2025-04-21T19:56:46.144731] LINE:  * Cyberpunk Edgerunners.…0p.WEB.x264-FTMVHD.mkv: 23% /795.821Mi, 6.565Mi/s, 1m33s
[2025-04-21T19:56:46.145180] LINE:  * Cyberpunk Edgerunners.…0p.WEB.x264-FTMVHD.mkv: 19% /827.480Mi, 5.448Mi/s, 2m2s
[2025-04-21T19:56:46.145437] LINE:  * Cyberpunk Edgerunners.…0p.WEB.x264-FTMVHD.mkv: 22% /810.327Mi, 6.129Mi/s, 1m42s
[2025-04-21T19:56:46.145817] LINE: 
[2025-04-21 20:06:55] CMD: C:\DEV\CastleTracker\rclone.exe copy :sftp:/C:/RUSHES --sftp-host 82.64.138.216 --sftp-user transfert --sftp-port 3968 --sftp-pass r7FhUahKIJmhzzYRoV9FMwyIZDQCHqinHg C:/ZZ_TEST_FLX --stats 1s --log-level INFO
[2025-04-21 20:08:45] CMD: C:\DEV\CastleTracker\rclone.exe copy :sftp:/C:/RUSHES --sftp-host 82.64.138.216 --sftp-user transfert --sftp-port 3968 --sftp-pass ejU3RiAYHmyta1RRdOrFThPYn3ALHyX2yw C:/ZZ_TEST_FLX --stats 1s --log-level INFO
[2025-04-21 20:11:04] CMD: C:\DEV\CastleTracker\rclone.exe copy :sftp:/C:/CAILLOU --sftp-host 82.64.138.216 --sftp-user transfert --sftp-port 3968 --sftp-pass 5GHuMWgzkD9k9_zM2QTSDtmG5MB628n5gQ C:/ZZ_TEST_FLX --stats 1s --log-level INFO
[2025-04-21 20:11:19] Transfer complete
[2025-04-21 20:12:51] CMD: C:\DEV\CastleTracker\rclone.exe copy :sftp:/C:/RUSHES --sftp-host 82.64.138.216 --sftp-user transfert --sftp-port 3968 --sftp-pass T8_8y0rAfWC--e1gDu1as-KewcGoGAJ0mw C:/ZZ_TEST_FLX --stats 1s --log-level INFO
[2025-04-21 20:15:39] CMD: C:\DEV\CastleTracker\rclone.exe copy :sftp:/C:/RUSHES --sftp-host 82.64.138.216 --sftp-user transfert --sftp-port 3968 --sftp-pass 4cXOoZkxYHDlSE-HB_ymiYZXpxk2WAGlwg C:/ZZ_TEST_FLX --stats 1s --log-level INFO
[2025-04-21 20:16:35] CMD: C:\DEV\CastleTracker\rclone.exe copy :sftp:/C:/CAILLOU --sftp-host 82.64.138.216 --sftp-user transfert --sftp-port 3968 --sftp-pass OtlO5dl2K3Wv-kJMEMV65ioL3MEsWZm6qQ C:/ZZ_TEST_FLX --stats 1s --log-level INFO
[2025-04-21 20:16:49] Transfer complete
[2025-04-21 20:20:13] CMD: C:\DEV\CastleTracker\rclone.exe copy :sftp:/C:/RUSHES --sftp-host 82.64.138.216 --sftp-user transfert --sftp-port 3968 --sftp-pass 2l4IdHHKI-2oToSIj0uJEZRffCzu4l6uHw C:/ZZ_TEST_FLX --stats 1s --log-level INFO
